#-----------------------------------------------------------
# Vivado v2018.3 (64-bit)
# SW Build 2405991 on Thu Dec  6 23:38:27 MST 2018
# IP Build 2404404 on Fri Dec  7 01:43:56 MST 2018
# Start of session at: Mon Oct  7 19:14:37 2019
# Process ID: 2392
# Current directory: C:/Users/liangzhao/cod19grp1-xtx
# Command line: vivado.exe -gui_launcher_event rodinguilauncherevent3992 C:\Users\liangzhao\cod19grp1-xtx\thinpad_top.xpr
# Log file: C:/Users/liangzhao/cod19grp1-xtx/vivado.log
# Journal file: C:/Users/liangzhao/cod19grp1-xtx\vivado.jou
#-----------------------------------------------------------
start_gui
open_project C:/Users/liangzhao/cod19grp1-xtx/thinpad_top.xpr
INFO: [Project 1-313] Project file moved from 'C:/codes/thinpad.1' since last save.
Scanning sources...
Finished scanning sources
WARNING: [filemgmt 56-2] IPUserFilesDir: Could not find the directory 'C:/Users/liangzhao/cod19grp1-xtx/thinpad_top.ip_user_files', nor could it be found using path 'C:/codes/thinpad.1/thinpad_top.ip_user_files'.
INFO: [IP_Flow 19-234] Refreshing IP repositories
INFO: [IP_Flow 19-1704] No user IP repositories specified
INFO: [IP_Flow 19-2313] Loaded Vivado IP repository 'C:/Xilinx/Vivado/2018.3/data/ip'.
open_project: Time (s): cpu = 00:00:16 ; elapsed = 00:00:11 . Memory (MB): peak = 682.313 ; gain = 106.863
update_compile_order -fileset sources_1
exit
INFO: [Common 17-206] Exiting Vivado at Mon Oct  7 21:17:09 2019...
