
*** Running vivado
    with args -log eth_mac.vds -m64 -product Vivado -mode batch -messageDb vivado.pb -notrace -source eth_mac.tcl


****** Vivado v2018.3 (64-bit)
  **** SW Build 2405991 on Thu Dec  6 23:38:27 MST 2018
  **** IP Build 2404404 on Fri Dec  7 01:43:56 MST 2018
    ** Copyright 1986-2018 Xilinx, Inc. All Rights Reserved.

source eth_mac.tcl -notrace
Command: synth_design -top eth_mac -part xc7a100tfgg676-2L -mode out_of_context
Starting synth_design
Attempting to get a license for feature 'Synthesis' and/or device 'xc7a100t'
INFO: [Common 17-349] Got license for feature 'Synthesis' and/or device 'xc7a100t'
INFO: Launching helper process for spawning children vivado processes
INFO: Helper process launched with PID 3804 
---------------------------------------------------------------------------------
Starting RTL Elaboration : Time (s): cpu = 00:00:05 ; elapsed = 00:00:06 . Memory (MB): peak = 370.340 ; gain = 90.703
---------------------------------------------------------------------------------
INFO: [Synth 8-6157] synthesizing module 'eth_mac' [c:/Users/liangzhao/cod19grp1-xtx/thinpad_top.srcs/sources_1/ip/eth_mac/synth/eth_mac.v:67]
INFO: [Synth 8-6157] synthesizing module 'eth_mac_support' [c:/Users/liangzhao/cod19grp1-xtx/thinpad_top.srcs/sources_1/ip/eth_mac/synth/eth_mac_support.v:66]
INFO: [Synth 8-6157] synthesizing module 'eth_mac_support_clocking' [c:/Users/liangzhao/cod19grp1-xtx/thinpad_top.srcs/sources_1/ip/eth_mac/synth/eth_mac_support_clocking.v:67]
INFO: [Synth 8-6157] synthesizing module 'MMCME2_ADV' [C:/Xilinx/Vivado/2018.3/scripts/rt/data/unisim_comp.v:26717]
	Parameter BANDWIDTH bound to: OPTIMIZED - type: string 
	Parameter CLKFBOUT_MULT_F bound to: 5.000000 - type: float 
	Parameter CLKFBOUT_PHASE bound to: 0.000000 - type: float 
	Parameter CLKFBOUT_USE_FINE_PS bound to: FALSE - type: string 
	Parameter CLKIN1_PERIOD bound to: 8.000000 - type: float 
	Parameter CLKIN2_PERIOD bound to: 0.000000 - type: float 
	Parameter CLKOUT0_DIVIDE_F bound to: 5.000000 - type: float 
	Parameter CLKOUT0_DUTY_CYCLE bound to: 0.500000 - type: float 
	Parameter CLKOUT0_PHASE bound to: 0.000000 - type: float 
	Parameter CLKOUT0_USE_FINE_PS bound to: FALSE - type: string 
	Parameter CLKOUT1_DIVIDE bound to: 5 - type: integer 
	Parameter CLKOUT1_DUTY_CYCLE bound to: 0.500000 - type: float 
	Parameter CLKOUT1_PHASE bound to: 90.000000 - type: float 
	Parameter CLKOUT1_USE_FINE_PS bound to: FALSE - type: string 
	Parameter CLKOUT2_DIVIDE bound to: 5 - type: integer 
	Parameter CLKOUT2_DUTY_CYCLE bound to: 0.500000 - type: float 
	Parameter CLKOUT2_PHASE bound to: 0.000000 - type: float 
	Parameter CLKOUT2_USE_FINE_PS bound to: FALSE - type: string 
	Parameter CLKOUT3_DIVIDE bound to: 1 - type: integer 
	Parameter CLKOUT3_DUTY_CYCLE bound to: 0.500000 - type: float 
	Parameter CLKOUT3_PHASE bound to: 0.000000 - type: float 
	Parameter CLKOUT3_USE_FINE_PS bound to: FALSE - type: string 
	Parameter CLKOUT4_CASCADE bound to: FALSE - type: string 
	Parameter CLKOUT4_DIVIDE bound to: 1 - type: integer 
	Parameter CLKOUT4_DUTY_CYCLE bound to: 0.500000 - type: float 
	Parameter CLKOUT4_PHASE bound to: 0.000000 - type: float 
	Parameter CLKOUT4_USE_FINE_PS bound to: FALSE - type: string 
	Parameter CLKOUT5_DIVIDE bound to: 1 - type: integer 
	Parameter CLKOUT5_DUTY_CYCLE bound to: 0.500000 - type: float 
	Parameter CLKOUT5_PHASE bound to: 0.000000 - type: float 
	Parameter CLKOUT5_USE_FINE_PS bound to: FALSE - type: string 
	Parameter CLKOUT6_DIVIDE bound to: 1 - type: integer 
	Parameter CLKOUT6_DUTY_CYCLE bound to: 0.500000 - type: float 
	Parameter CLKOUT6_PHASE bound to: 0.000000 - type: float 
	Parameter CLKOUT6_USE_FINE_PS bound to: FALSE - type: string 
	Parameter COMPENSATION bound to: ZHOLD - type: string 
	Parameter DIVCLK_DIVIDE bound to: 1 - type: integer 
	Parameter IS_CLKINSEL_INVERTED bound to: 1'b0 
	Parameter IS_PSEN_INVERTED bound to: 1'b0 
	Parameter IS_PSINCDEC_INVERTED bound to: 1'b0 
	Parameter IS_PWRDWN_INVERTED bound to: 1'b0 
	Parameter IS_RST_INVERTED bound to: 1'b0 
	Parameter REF_JITTER1 bound to: 0.010000 - type: float 
	Parameter REF_JITTER2 bound to: 0.010000 - type: float 
	Parameter SS_EN bound to: FALSE - type: string 
	Parameter SS_MODE bound to: CENTER_HIGH - type: string 
	Parameter SS_MOD_PERIOD bound to: 10000 - type: integer 
	Parameter STARTUP_WAIT bound to: FALSE - type: string 
INFO: [Synth 8-6155] done synthesizing module 'MMCME2_ADV' (1#1) [C:/Xilinx/Vivado/2018.3/scripts/rt/data/unisim_comp.v:26717]
INFO: [Synth 8-6157] synthesizing module 'BUFGCE' [C:/Xilinx/Vivado/2018.3/scripts/rt/data/unisim_comp.v:619]
	Parameter CE_TYPE bound to: SYNC - type: string 
	Parameter IS_CE_INVERTED bound to: 1'b0 
	Parameter IS_I_INVERTED bound to: 1'b0 
INFO: [Synth 8-6155] done synthesizing module 'BUFGCE' (2#1) [C:/Xilinx/Vivado/2018.3/scripts/rt/data/unisim_comp.v:619]
INFO: [Synth 8-6155] done synthesizing module 'eth_mac_support_clocking' (3#1) [c:/Users/liangzhao/cod19grp1-xtx/thinpad_top.srcs/sources_1/ip/eth_mac/synth/eth_mac_support_clocking.v:67]
INFO: [Synth 8-6157] synthesizing module 'eth_mac_support_resets' [c:/Users/liangzhao/cod19grp1-xtx/thinpad_top.srcs/sources_1/ip/eth_mac/synth/eth_mac_support_resets.v:57]
INFO: [Synth 8-6157] synthesizing module 'eth_mac_block_reset_sync' [c:/Users/liangzhao/cod19grp1-xtx/thinpad_top.srcs/sources_1/ip/eth_mac/synth/common/eth_mac_block_reset_sync.v:66]
	Parameter INITIALISE bound to: 1'b1 
	Parameter DEPTH bound to: 5 - type: integer 
INFO: [Synth 8-6157] synthesizing module 'FDPE' [C:/Xilinx/Vivado/2018.3/scripts/rt/data/unisim_comp.v:3911]
	Parameter INIT bound to: 1'b1 
	Parameter IS_C_INVERTED bound to: 1'b0 
	Parameter IS_D_INVERTED bound to: 1'b0 
	Parameter IS_PRE_INVERTED bound to: 1'b0 
INFO: [Synth 8-6155] done synthesizing module 'FDPE' (4#1) [C:/Xilinx/Vivado/2018.3/scripts/rt/data/unisim_comp.v:3911]
INFO: [Synth 8-6155] done synthesizing module 'eth_mac_block_reset_sync' (5#1) [c:/Users/liangzhao/cod19grp1-xtx/thinpad_top.srcs/sources_1/ip/eth_mac/synth/common/eth_mac_block_reset_sync.v:66]
INFO: [Synth 8-6157] synthesizing module 'eth_mac_block_sync_block' [c:/Users/liangzhao/cod19grp1-xtx/thinpad_top.srcs/sources_1/ip/eth_mac/synth/common/eth_mac_block_sync_block.v:63]
	Parameter INITIALISE bound to: 1'b0 
	Parameter DEPTH bound to: 5 - type: integer 
INFO: [Synth 8-6157] synthesizing module 'FDRE' [C:/Xilinx/Vivado/2018.3/scripts/rt/data/unisim_comp.v:3971]
	Parameter INIT bound to: 1'b0 
	Parameter IS_C_INVERTED bound to: 1'b0 
	Parameter IS_D_INVERTED bound to: 1'b0 
	Parameter IS_R_INVERTED bound to: 1'b0 
INFO: [Synth 8-6155] done synthesizing module 'FDRE' (6#1) [C:/Xilinx/Vivado/2018.3/scripts/rt/data/unisim_comp.v:3971]
INFO: [Synth 8-6155] done synthesizing module 'eth_mac_block_sync_block' (7#1) [c:/Users/liangzhao/cod19grp1-xtx/thinpad_top.srcs/sources_1/ip/eth_mac/synth/common/eth_mac_block_sync_block.v:63]
INFO: [Synth 8-6155] done synthesizing module 'eth_mac_support_resets' (8#1) [c:/Users/liangzhao/cod19grp1-xtx/thinpad_top.srcs/sources_1/ip/eth_mac/synth/eth_mac_support_resets.v:57]
INFO: [Synth 8-6157] synthesizing module 'IDELAYCTRL' [C:/Xilinx/Vivado/2018.3/scripts/rt/data/unisim_comp.v:22464]
	Parameter SIM_DEVICE bound to: 7SERIES - type: string 
INFO: [Synth 8-6155] done synthesizing module 'IDELAYCTRL' (9#1) [C:/Xilinx/Vivado/2018.3/scripts/rt/data/unisim_comp.v:22464]
INFO: [Synth 8-6157] synthesizing module 'eth_mac_block' [c:/Users/liangzhao/cod19grp1-xtx/thinpad_top.srcs/sources_1/ip/eth_mac/synth/eth_mac_block.v:98]
INFO: [Synth 8-6157] synthesizing module 'eth_mac_clk_en_gen' [c:/Users/liangzhao/cod19grp1-xtx/thinpad_top.srcs/sources_1/ip/eth_mac/synth/eth_mac_clk_en_gen.v:65]
INFO: [Synth 8-6155] done synthesizing module 'eth_mac_clk_en_gen' (10#1) [c:/Users/liangzhao/cod19grp1-xtx/thinpad_top.srcs/sources_1/ip/eth_mac/synth/eth_mac_clk_en_gen.v:65]
INFO: [Synth 8-6157] synthesizing module 'eth_mac_rgmii_v2_0_if' [c:/Users/liangzhao/cod19grp1-xtx/thinpad_top.srcs/sources_1/ip/eth_mac/synth/physical/eth_mac_rgmii_v2_0_if.v:70]
INFO: [Synth 8-6157] synthesizing module 'OBUF' [C:/Xilinx/Vivado/2018.3/scripts/rt/data/unisim_comp.v:28230]
	Parameter CAPACITANCE bound to: DONT_CARE - type: string 
	Parameter DRIVE bound to: 12 - type: integer 
	Parameter IOSTANDARD bound to: DEFAULT - type: string 
	Parameter SLEW bound to: SLOW - type: string 
INFO: [Synth 8-6155] done synthesizing module 'OBUF' (11#1) [C:/Xilinx/Vivado/2018.3/scripts/rt/data/unisim_comp.v:28230]
INFO: [Synth 8-6157] synthesizing module 'IBUF' [C:/Xilinx/Vivado/2018.3/scripts/rt/data/unisim_comp.v:20408]
	Parameter CAPACITANCE bound to: DONT_CARE - type: string 
	Parameter IBUF_DELAY_VALUE bound to: 0 - type: string 
	Parameter IBUF_LOW_PWR bound to: TRUE - type: string 
	Parameter IFD_DELAY_VALUE bound to: AUTO - type: string 
	Parameter IOSTANDARD bound to: DEFAULT - type: string 
INFO: [Synth 8-6155] done synthesizing module 'IBUF' (12#1) [C:/Xilinx/Vivado/2018.3/scripts/rt/data/unisim_comp.v:20408]
INFO: [Synth 8-6157] synthesizing module 'ODDR' [C:/Xilinx/Vivado/2018.3/scripts/rt/data/unisim_comp.v:31641]
	Parameter DDR_CLK_EDGE bound to: SAME_EDGE - type: string 
	Parameter INIT bound to: 1'b0 
	Parameter IS_C_INVERTED bound to: 1'b0 
	Parameter IS_D1_INVERTED bound to: 1'b0 
	Parameter IS_D2_INVERTED bound to: 1'b0 
	Parameter SRTYPE bound to: SYNC - type: string 
INFO: [Synth 8-6155] done synthesizing module 'ODDR' (13#1) [C:/Xilinx/Vivado/2018.3/scripts/rt/data/unisim_comp.v:31641]
INFO: [Synth 8-6157] synthesizing module 'IDELAYE2' [C:/Xilinx/Vivado/2018.3/scripts/rt/data/unisim_comp.v:22477]
	Parameter CINVCTRL_SEL bound to: FALSE - type: string 
	Parameter DELAY_SRC bound to: IDATAIN - type: string 
	Parameter HIGH_PERFORMANCE_MODE bound to: FALSE - type: string 
	Parameter IDELAY_TYPE bound to: FIXED - type: string 
	Parameter IDELAY_VALUE bound to: 0 - type: integer 
	Parameter IS_C_INVERTED bound to: 1'b0 
	Parameter IS_DATAIN_INVERTED bound to: 1'b0 
	Parameter IS_IDATAIN_INVERTED bound to: 1'b0 
	Parameter PIPE_SEL bound to: FALSE - type: string 
	Parameter REFCLK_FREQUENCY bound to: 200.000000 - type: float 
	Parameter SIGNAL_PATTERN bound to: DATA - type: string 
	Parameter SIM_DELAY_D bound to: 0 - type: integer 
INFO: [Synth 8-6155] done synthesizing module 'IDELAYE2' (14#1) [C:/Xilinx/Vivado/2018.3/scripts/rt/data/unisim_comp.v:22477]
INFO: [Synth 8-6157] synthesizing module 'IDDR' [C:/Xilinx/Vivado/2018.3/scripts/rt/data/unisim_comp.v:22342]
	Parameter DDR_CLK_EDGE bound to: SAME_EDGE_PIPELINED - type: string 
	Parameter INIT_Q1 bound to: 1'b0 
	Parameter INIT_Q2 bound to: 1'b0 
	Parameter IS_C_INVERTED bound to: 1'b0 
	Parameter IS_D_INVERTED bound to: 1'b0 
	Parameter SRTYPE bound to: SYNC - type: string 
INFO: [Synth 8-6155] done synthesizing module 'IDDR' (15#1) [C:/Xilinx/Vivado/2018.3/scripts/rt/data/unisim_comp.v:22342]
INFO: [Synth 8-6157] synthesizing module 'BUFIO' [C:/Xilinx/Vivado/2018.3/scripts/rt/data/unisim_comp.v:838]
INFO: [Synth 8-6155] done synthesizing module 'BUFIO' (16#1) [C:/Xilinx/Vivado/2018.3/scripts/rt/data/unisim_comp.v:838]
INFO: [Synth 8-6157] synthesizing module 'BUFR' [C:/Xilinx/Vivado/2018.3/scripts/rt/data/unisim_comp.v:891]
	Parameter BUFR_DIVIDE bound to: BYPASS - type: string 
	Parameter SIM_DEVICE bound to: 7SERIES - type: string 
INFO: [Synth 8-6155] done synthesizing module 'BUFR' (17#1) [C:/Xilinx/Vivado/2018.3/scripts/rt/data/unisim_comp.v:891]
INFO: [Synth 8-6155] done synthesizing module 'eth_mac_rgmii_v2_0_if' (18#1) [c:/Users/liangzhao/cod19grp1-xtx/thinpad_top.srcs/sources_1/ip/eth_mac/synth/physical/eth_mac_rgmii_v2_0_if.v:70]
INFO: [Synth 8-6157] synthesizing module 'LUT4' [C:/Xilinx/Vivado/2018.3/scripts/rt/data/unisim_comp.v:26530]
INFO: [Synth 8-6155] done synthesizing module 'LUT4' (27#1) [C:/Xilinx/Vivado/2018.3/scripts/rt/data/unisim_comp.v:26530]
INFO: [Synth 8-6157] synthesizing module 'LUT4__parameterized0' [C:/Xilinx/Vivado/2018.3/scripts/rt/data/unisim_comp.v:26530]
INFO: [Synth 8-6155] done synthesizing module 'LUT4__parameterized0' (27#1) [C:/Xilinx/Vivado/2018.3/scripts/rt/data/unisim_comp.v:26530]
INFO: [Synth 8-6157] synthesizing module 'LUT4__parameterized1' [C:/Xilinx/Vivado/2018.3/scripts/rt/data/unisim_comp.v:26530]
INFO: [Synth 8-6155] done synthesizing module 'LUT4__parameterized1' (27#1) [C:/Xilinx/Vivado/2018.3/scripts/rt/data/unisim_comp.v:26530]
INFO: [Synth 8-6157] synthesizing module 'LUT4__parameterized2' [C:/Xilinx/Vivado/2018.3/scripts/rt/data/unisim_comp.v:26530]
INFO: [Synth 8-6155] done synthesizing module 'LUT4__parameterized2' (27#1) [C:/Xilinx/Vivado/2018.3/scripts/rt/data/unisim_comp.v:26530]
INFO: [Synth 8-6157] synthesizing module 'LUT4__parameterized3' [C:/Xilinx/Vivado/2018.3/scripts/rt/data/unisim_comp.v:26530]
INFO: [Synth 8-6155] done synthesizing module 'LUT4__parameterized3' (27#1) [C:/Xilinx/Vivado/2018.3/scripts/rt/data/unisim_comp.v:26530]
INFO: [Synth 8-6157] synthesizing module 'RAM64X1D' [C:/Xilinx/Vivado/2018.3/scripts/rt/data/unisim_comp.v:45535]
INFO: [Synth 8-6155] done synthesizing module 'RAM64X1D' (43#1) [C:/Xilinx/Vivado/2018.3/scripts/rt/data/unisim_comp.v:45535]
INFO: [Synth 8-6157] synthesizing module 'LUT3' [C:/Xilinx/Vivado/2018.3/scripts/rt/data/unisim_comp.v:26488]
INFO: [Synth 8-6155] done synthesizing module 'LUT3' (44#1) [C:/Xilinx/Vivado/2018.3/scripts/rt/data/unisim_comp.v:26488]
INFO: [Synth 8-6157] synthesizing module 'LUT3__parameterized0' [C:/Xilinx/Vivado/2018.3/scripts/rt/data/unisim_comp.v:26488]
INFO: [Synth 8-6155] done synthesizing module 'LUT3__parameterized0' (44#1) [C:/Xilinx/Vivado/2018.3/scripts/rt/data/unisim_comp.v:26488]
INFO: [Synth 8-6157] synthesizing module 'LUT3__parameterized1' [C:/Xilinx/Vivado/2018.3/scripts/rt/data/unisim_comp.v:26488]
INFO: [Synth 8-6155] done synthesizing module 'LUT3__parameterized1' (44#1) [C:/Xilinx/Vivado/2018.3/scripts/rt/data/unisim_comp.v:26488]
INFO: [Synth 8-6157] synthesizing module 'LUT3__parameterized2' [C:/Xilinx/Vivado/2018.3/scripts/rt/data/unisim_comp.v:26488]
INFO: [Synth 8-6155] done synthesizing module 'LUT3__parameterized2' (44#1) [C:/Xilinx/Vivado/2018.3/scripts/rt/data/unisim_comp.v:26488]
INFO: [Synth 8-6157] synthesizing module 'SRL16E' [C:/Xilinx/Vivado/2018.3/scripts/rt/data/unisim_comp.v:51699]
INFO: [Synth 8-6155] done synthesizing module 'SRL16E' (45#1) [C:/Xilinx/Vivado/2018.3/scripts/rt/data/unisim_comp.v:51699]
INFO: [Synth 8-6155] done synthesizing module 'eth_mac_block' (49#1) [c:/Users/liangzhao/cod19grp1-xtx/thinpad_top.srcs/sources_1/ip/eth_mac/synth/eth_mac_block.v:98]
INFO: [Synth 8-6155] done synthesizing module 'eth_mac_support' (50#1) [c:/Users/liangzhao/cod19grp1-xtx/thinpad_top.srcs/sources_1/ip/eth_mac/synth/eth_mac_support.v:66]
INFO: [Synth 8-6155] done synthesizing module 'eth_mac' (51#1) [c:/Users/liangzhao/cod19grp1-xtx/thinpad_top.srcs/sources_1/ip/eth_mac/synth/eth_mac.v:67]
WARNING: [Synth 8-3331] design tri_mode_ethernet_mac_v9_0_13_addr_filter has unconnected port rx_filter_enable[0]
WARNING: [Synth 8-3331] design tri_mode_ethernet_mac_v9_0_13_addr_filter has unconnected port rx_avb_enable[2]
WARNING: [Synth 8-3331] design tri_mode_ethernet_mac_v9_0_13_addr_filter has unconnected port rx_avb_enable[1]
WARNING: [Synth 8-3331] design tri_mode_ethernet_mac_v9_0_13_addr_filter has unconnected port rx_avb_enable[0]
WARNING: [Synth 8-3331] design tri_mode_ethernet_mac_v9_0_13_addr_filter has unconnected port bus2ip_addr[16]
WARNING: [Synth 8-3331] design tri_mode_ethernet_mac_v9_0_13_addr_filter has unconnected port bus2ip_addr[15]
WARNING: [Synth 8-3331] design tri_mode_ethernet_mac_v9_0_13_addr_filter has unconnected port bus2ip_addr[14]
WARNING: [Synth 8-3331] design tri_mode_ethernet_mac_v9_0_13_addr_filter has unconnected port bus2ip_addr[13]
WARNING: [Synth 8-3331] design tri_mode_ethernet_mac_v9_0_13_addr_filter has unconnected port bus2ip_addr[12]
WARNING: [Synth 8-3331] design tri_mode_ethernet_mac_v9_0_13_addr_filter has unconnected port bus2ip_addr[11]
WARNING: [Synth 8-3331] design tri_mode_ethernet_mac_v9_0_13_addr_filter has unconnected port bus2ip_addr[10]
WARNING: [Synth 8-3331] design tri_mode_ethernet_mac_v9_0_13_addr_filter has unconnected port bus2ip_addr[9]
WARNING: [Synth 8-3331] design tri_mode_ethernet_mac_v9_0_13_addr_filter has unconnected port bus2ip_addr[8]
WARNING: [Synth 8-3331] design tri_mode_ethernet_mac_v9_0_13_addr_filter has unconnected port bus2ip_addr[7]
WARNING: [Synth 8-3331] design tri_mode_ethernet_mac_v9_0_13_addr_filter has unconnected port bus2ip_addr[6]
WARNING: [Synth 8-3331] design tri_mode_ethernet_mac_v9_0_13_addr_filter has unconnected port bus2ip_addr[1]
WARNING: [Synth 8-3331] design tri_mode_ethernet_mac_v9_0_13_addr_filter has unconnected port bus2ip_addr[0]
WARNING: [Synth 8-3331] design tri_mode_ethernet_mac_v9_0_13_addr_filter has unconnected port bus2ip_data[31]
WARNING: [Synth 8-3331] design tri_mode_ethernet_mac_v9_0_13_addr_filter has unconnected port bus2ip_data[30]
WARNING: [Synth 8-3331] design tri_mode_ethernet_mac_v9_0_13_addr_filter has unconnected port bus2ip_data[29]
WARNING: [Synth 8-3331] design tri_mode_ethernet_mac_v9_0_13_addr_filter has unconnected port bus2ip_data[28]
WARNING: [Synth 8-3331] design tri_mode_ethernet_mac_v9_0_13_addr_filter has unconnected port bus2ip_data[27]
WARNING: [Synth 8-3331] design tri_mode_ethernet_mac_v9_0_13_addr_filter has unconnected port bus2ip_data[26]
WARNING: [Synth 8-3331] design tri_mode_ethernet_mac_v9_0_13_addr_filter has unconnected port bus2ip_data[25]
WARNING: [Synth 8-3331] design tri_mode_ethernet_mac_v9_0_13_addr_filter has unconnected port bus2ip_data[24]
WARNING: [Synth 8-3331] design tri_mode_ethernet_mac_v9_0_13_addr_filter has unconnected port bus2ip_data[23]
WARNING: [Synth 8-3331] design tri_mode_ethernet_mac_v9_0_13_addr_filter has unconnected port bus2ip_data[22]
WARNING: [Synth 8-3331] design tri_mode_ethernet_mac_v9_0_13_addr_filter has unconnected port bus2ip_data[21]
WARNING: [Synth 8-3331] design tri_mode_ethernet_mac_v9_0_13_addr_filter has unconnected port bus2ip_data[20]
WARNING: [Synth 8-3331] design tri_mode_ethernet_mac_v9_0_13_addr_filter has unconnected port bus2ip_data[19]
WARNING: [Synth 8-3331] design tri_mode_ethernet_mac_v9_0_13_addr_filter has unconnected port bus2ip_data[18]
WARNING: [Synth 8-3331] design tri_mode_ethernet_mac_v9_0_13_addr_filter has unconnected port bus2ip_data[17]
WARNING: [Synth 8-3331] design tri_mode_ethernet_mac_v9_0_13_addr_filter has unconnected port bus2ip_data[16]
WARNING: [Synth 8-3331] design tri_mode_ethernet_mac_v9_0_13_addr_filter has unconnected port bus2ip_data[15]
WARNING: [Synth 8-3331] design tri_mode_ethernet_mac_v9_0_13_addr_filter has unconnected port bus2ip_data[14]
WARNING: [Synth 8-3331] design tri_mode_ethernet_mac_v9_0_13_addr_filter has unconnected port bus2ip_data[13]
WARNING: [Synth 8-3331] design tri_mode_ethernet_mac_v9_0_13_addr_filter has unconnected port bus2ip_data[12]
WARNING: [Synth 8-3331] design tri_mode_ethernet_mac_v9_0_13_addr_filter has unconnected port bus2ip_data[11]
WARNING: [Synth 8-3331] design tri_mode_ethernet_mac_v9_0_13_addr_filter has unconnected port bus2ip_data[10]
WARNING: [Synth 8-3331] design tri_mode_ethernet_mac_v9_0_13_addr_filter has unconnected port bus2ip_data[9]
WARNING: [Synth 8-3331] design tri_mode_ethernet_mac_v9_0_13_addr_filter has unconnected port bus2ip_data[8]
WARNING: [Synth 8-3331] design tri_mode_ethernet_mac_v9_0_13_addr_filter has unconnected port bus2ip_data[7]
WARNING: [Synth 8-3331] design tri_mode_ethernet_mac_v9_0_13_addr_filter has unconnected port bus2ip_data[6]
WARNING: [Synth 8-3331] design tri_mode_ethernet_mac_v9_0_13_addr_filter has unconnected port bus2ip_data[5]
WARNING: [Synth 8-3331] design tri_mode_ethernet_mac_v9_0_13_addr_filter has unconnected port bus2ip_data[4]
WARNING: [Synth 8-3331] design tri_mode_ethernet_mac_v9_0_13_addr_filter has unconnected port bus2ip_data[3]
WARNING: [Synth 8-3331] design tri_mode_ethernet_mac_v9_0_13_addr_filter has unconnected port bus2ip_data[2]
WARNING: [Synth 8-3331] design tri_mode_ethernet_mac_v9_0_13_addr_filter has unconnected port bus2ip_data[1]
WARNING: [Synth 8-3331] design tri_mode_ethernet_mac_v9_0_13_addr_filter has unconnected port bus2ip_data[0]
WARNING: [Synth 8-3331] design tri_mode_ethernet_mac_v9_0_13_addr_filter_wrap has unconnected port bus2ip_addr[11]
WARNING: [Synth 8-3331] design tri_mode_ethernet_mac_v9_0_13_addr_filter_wrap has unconnected port bus2ip_addr[10]
WARNING: [Synth 8-3331] design tri_mode_ethernet_mac_v9_0_13_addr_filter_wrap has unconnected port bus2ip_addr[9]
WARNING: [Synth 8-3331] design tri_mode_ethernet_mac_v9_0_13_addr_filter_wrap has unconnected port bus2ip_addr[8]
WARNING: [Synth 8-3331] design PARAM_CHECK has unconnected port ENABLE_HALF_DUPLEX
WARNING: [Synth 8-3331] design PARAM_CHECK has unconnected port DEST_ADD_FIELD
WARNING: [Synth 8-3331] design PARAM_CHECK has unconnected port SOURCE_ADD_FIELD
WARNING: [Synth 8-3331] design PARAM_CHECK has unconnected port LENGTH_FIELD
WARNING: [Synth 8-3331] design PARAM_CHECK has unconnected port IFG
WARNING: [Synth 8-3331] design PARAM_CHECK has unconnected port SPEED_IS_10_100
WARNING: [Synth 8-3331] design DECODE_FRAME has unconnected port FIELD_COUNTER[5]
WARNING: [Synth 8-3331] design DECODE_FRAME has unconnected port FIELD_COUNTER[4]
WARNING: [Synth 8-3331] design DECODE_FRAME has unconnected port FIELD_COUNTER[3]
WARNING: [Synth 8-3331] design DECODE_FRAME has unconnected port FIELD_COUNTER[2]
WARNING: [Synth 8-3331] design tri_mode_ethernet_mac_v9_0_13_rx has unconnected port RESET_GMII_MII
WARNING: [Synth 8-3331] design tri_mode_ethernet_mac_v9_0_13_rx has unconnected port INBAND_TS_ENABLE
WARNING: [Synth 8-3331] design tri_mode_ethernet_mac_v9_0_13_rx has unconnected port CORE_HAS_SGMII
WARNING: [Synth 8-3331] design tri_mode_ethernet_mac_v9_0_13_rx has unconnected port RTC_CLK
WARNING: [Synth 8-3331] design tri_mode_ethernet_mac_v9_0_13_rx has unconnected port SYSTEMTIMER_S_FIELD[47]
WARNING: [Synth 8-3331] design tri_mode_ethernet_mac_v9_0_13_rx has unconnected port SYSTEMTIMER_S_FIELD[46]
WARNING: [Synth 8-3331] design tri_mode_ethernet_mac_v9_0_13_rx has unconnected port SYSTEMTIMER_S_FIELD[45]
WARNING: [Synth 8-3331] design tri_mode_ethernet_mac_v9_0_13_rx has unconnected port SYSTEMTIMER_S_FIELD[44]
WARNING: [Synth 8-3331] design tri_mode_ethernet_mac_v9_0_13_rx has unconnected port SYSTEMTIMER_S_FIELD[43]
WARNING: [Synth 8-3331] design tri_mode_ethernet_mac_v9_0_13_rx has unconnected port SYSTEMTIMER_S_FIELD[42]
WARNING: [Synth 8-3331] design tri_mode_ethernet_mac_v9_0_13_rx has unconnected port SYSTEMTIMER_S_FIELD[41]
WARNING: [Synth 8-3331] design tri_mode_ethernet_mac_v9_0_13_rx has unconnected port SYSTEMTIMER_S_FIELD[40]
WARNING: [Synth 8-3331] design tri_mode_ethernet_mac_v9_0_13_rx has unconnected port SYSTEMTIMER_S_FIELD[39]
WARNING: [Synth 8-3331] design tri_mode_ethernet_mac_v9_0_13_rx has unconnected port SYSTEMTIMER_S_FIELD[38]
WARNING: [Synth 8-3331] design tri_mode_ethernet_mac_v9_0_13_rx has unconnected port SYSTEMTIMER_S_FIELD[37]
WARNING: [Synth 8-3331] design tri_mode_ethernet_mac_v9_0_13_rx has unconnected port SYSTEMTIMER_S_FIELD[36]
WARNING: [Synth 8-3331] design tri_mode_ethernet_mac_v9_0_13_rx has unconnected port SYSTEMTIMER_S_FIELD[35]
WARNING: [Synth 8-3331] design tri_mode_ethernet_mac_v9_0_13_rx has unconnected port SYSTEMTIMER_S_FIELD[34]
WARNING: [Synth 8-3331] design tri_mode_ethernet_mac_v9_0_13_rx has unconnected port SYSTEMTIMER_S_FIELD[33]
WARNING: [Synth 8-3331] design tri_mode_ethernet_mac_v9_0_13_rx has unconnected port SYSTEMTIMER_S_FIELD[32]
WARNING: [Synth 8-3331] design tri_mode_ethernet_mac_v9_0_13_rx has unconnected port SYSTEMTIMER_S_FIELD[31]
WARNING: [Synth 8-3331] design tri_mode_ethernet_mac_v9_0_13_rx has unconnected port SYSTEMTIMER_S_FIELD[30]
WARNING: [Synth 8-3331] design tri_mode_ethernet_mac_v9_0_13_rx has unconnected port SYSTEMTIMER_S_FIELD[29]
WARNING: [Synth 8-3331] design tri_mode_ethernet_mac_v9_0_13_rx has unconnected port SYSTEMTIMER_S_FIELD[28]
WARNING: [Synth 8-3331] design tri_mode_ethernet_mac_v9_0_13_rx has unconnected port SYSTEMTIMER_S_FIELD[27]
WARNING: [Synth 8-3331] design tri_mode_ethernet_mac_v9_0_13_rx has unconnected port SYSTEMTIMER_S_FIELD[26]
WARNING: [Synth 8-3331] design tri_mode_ethernet_mac_v9_0_13_rx has unconnected port SYSTEMTIMER_S_FIELD[25]
WARNING: [Synth 8-3331] design tri_mode_ethernet_mac_v9_0_13_rx has unconnected port SYSTEMTIMER_S_FIELD[24]
WARNING: [Synth 8-3331] design tri_mode_ethernet_mac_v9_0_13_rx has unconnected port SYSTEMTIMER_S_FIELD[23]
WARNING: [Synth 8-3331] design tri_mode_ethernet_mac_v9_0_13_rx has unconnected port SYSTEMTIMER_S_FIELD[22]
WARNING: [Synth 8-3331] design tri_mode_ethernet_mac_v9_0_13_rx has unconnected port SYSTEMTIMER_S_FIELD[21]
WARNING: [Synth 8-3331] design tri_mode_ethernet_mac_v9_0_13_rx has unconnected port SYSTEMTIMER_S_FIELD[20]
WARNING: [Synth 8-3331] design tri_mode_ethernet_mac_v9_0_13_rx has unconnected port SYSTEMTIMER_S_FIELD[19]
WARNING: [Synth 8-3331] design tri_mode_ethernet_mac_v9_0_13_rx has unconnected port SYSTEMTIMER_S_FIELD[18]
WARNING: [Synth 8-3331] design tri_mode_ethernet_mac_v9_0_13_rx has unconnected port SYSTEMTIMER_S_FIELD[17]
WARNING: [Synth 8-3331] design tri_mode_ethernet_mac_v9_0_13_rx has unconnected port SYSTEMTIMER_S_FIELD[16]
WARNING: [Synth 8-3331] design tri_mode_ethernet_mac_v9_0_13_rx has unconnected port SYSTEMTIMER_S_FIELD[15]
INFO: [Common 17-14] Message 'Synth 8-3331' appears 100 times and further instances of the messages will be disabled. Use the Tcl command set_msg_config to change the current settings.
---------------------------------------------------------------------------------
Finished RTL Elaboration : Time (s): cpu = 00:00:09 ; elapsed = 00:00:10 . Memory (MB): peak = 466.965 ; gain = 187.328
---------------------------------------------------------------------------------

Report Check Netlist: 
+------+------------------+-------+---------+-------+------------------+
|      |Item              |Errors |Warnings |Status |Description       |
+------+------------------+-------+---------+-------+------------------+
|1     |multi_driven_nets |      0|        0|Passed |Multi driven nets |
+------+------------------+-------+---------+-------+------------------+
---------------------------------------------------------------------------------
Start Handling Custom Attributes
---------------------------------------------------------------------------------
---------------------------------------------------------------------------------
Finished Handling Custom Attributes : Time (s): cpu = 00:00:09 ; elapsed = 00:00:10 . Memory (MB): peak = 466.965 ; gain = 187.328
---------------------------------------------------------------------------------
---------------------------------------------------------------------------------
Finished RTL Optimization Phase 1 : Time (s): cpu = 00:00:09 ; elapsed = 00:00:10 . Memory (MB): peak = 466.965 ; gain = 187.328
---------------------------------------------------------------------------------
INFO: [Netlist 29-17] Analyzing 168 Unisim elements for replacement
INFO: [Netlist 29-28] Unisim Transformation completed in 0 CPU seconds
INFO: [Device 21-403] Loading part xc7a100tfgg676-2L
INFO: [Project 1-570] Preparing netlist for logic optimization

Processing XDC Constraints
Initializing timing engine
Parsing XDC File [c:/Users/liangzhao/cod19grp1-xtx/thinpad_top.srcs/sources_1/ip/eth_mac/synth/eth_mac_ooc.xdc] for cell 'inst'
Finished Parsing XDC File [c:/Users/liangzhao/cod19grp1-xtx/thinpad_top.srcs/sources_1/ip/eth_mac/synth/eth_mac_ooc.xdc] for cell 'inst'
Parsing XDC File [c:/Users/liangzhao/cod19grp1-xtx/thinpad_top.srcs/sources_1/ip/eth_mac/synth/eth_mac_board.xdc] for cell 'inst'
Finished Parsing XDC File [c:/Users/liangzhao/cod19grp1-xtx/thinpad_top.srcs/sources_1/ip/eth_mac/synth/eth_mac_board.xdc] for cell 'inst'
Parsing XDC File [c:/Users/liangzhao/cod19grp1-xtx/thinpad_top.srcs/sources_1/ip/eth_mac/synth/eth_mac.xdc] for cell 'inst'
Finished Parsing XDC File [c:/Users/liangzhao/cod19grp1-xtx/thinpad_top.srcs/sources_1/ip/eth_mac/synth/eth_mac.xdc] for cell 'inst'
INFO: [Project 1-236] Implementation specific constraints were found while reading constraint file [c:/Users/liangzhao/cod19grp1-xtx/thinpad_top.srcs/sources_1/ip/eth_mac/synth/eth_mac.xdc]. These constraints will be ignored for synthesis but will be used in implementation. Impacted constraints are listed in the file [.Xil/eth_mac_propImpl.xdc].
Resolution: To avoid this warning, move constraints listed in [.Xil/eth_mac_propImpl.xdc] to another XDC file and exclude this new file from synthesis with the used_in_synthesis property (File Properties dialog in GUI) and re-run elaboration/synthesis.
INFO: [Timing 38-2] Deriving generated clocks
Netlist sorting complete. Time (s): cpu = 00:00:00 ; elapsed = 00:00:00.042 . Memory (MB): peak = 790.988 ; gain = 0.000
Parsing XDC File [C:/Users/liangzhao/cod19grp1-xtx/thinpad_top.runs/eth_mac_synth_1/dont_touch.xdc]
Finished Parsing XDC File [C:/Users/liangzhao/cod19grp1-xtx/thinpad_top.runs/eth_mac_synth_1/dont_touch.xdc]
Parsing XDC File [c:/Users/liangzhao/cod19grp1-xtx/thinpad_top.srcs/sources_1/ip/eth_mac/synth/eth_mac_clocks.xdc] for cell 'inst'
INFO: [Vivado 12-3272] Current instance is the top level cell 'inst' of design 'preSynthElab_1' [c:/Users/liangzhao/cod19grp1-xtx/thinpad_top.srcs/sources_1/ip/eth_mac/synth/eth_mac_clocks.xdc:29]
INFO: [Constraints 18-483] create_clock: no pin(s)/port(s)/net(s) specified as objects, only virtual clock 'inst_rgmii_rx_clk' will be created. If you don't want this, please specify pin(s)/ports(s)/net(s) as objects to the command. [c:/Users/liangzhao/cod19grp1-xtx/thinpad_top.srcs/sources_1/ip/eth_mac/synth/eth_mac_clocks.xdc:29]
INFO: [Vivado 12-3272] Current instance is the top level cell 'inst' of design 'preSynthElab_1' [c:/Users/liangzhao/cod19grp1-xtx/thinpad_top.srcs/sources_1/ip/eth_mac/synth/eth_mac_clocks.xdc:30]
WARNING: [Designutils 20-1567] Use of 'set_false_path' with '-hold' is not supported by synthesis. The constraint will not be passed to synthesis. [c:/Users/liangzhao/cod19grp1-xtx/thinpad_top.srcs/sources_1/ip/eth_mac/synth/eth_mac_clocks.xdc:43]
WARNING: [Designutils 20-1567] Use of 'set_false_path' with '-hold' is not supported by synthesis. The constraint will not be passed to synthesis. [c:/Users/liangzhao/cod19grp1-xtx/thinpad_top.srcs/sources_1/ip/eth_mac/synth/eth_mac_clocks.xdc:44]
WARNING: [Designutils 20-1567] Use of 'set_multicycle_path' with '-hold' is not supported by synthesis. The constraint will not be passed to synthesis. [c:/Users/liangzhao/cod19grp1-xtx/thinpad_top.srcs/sources_1/ip/eth_mac/synth/eth_mac_clocks.xdc:47]
INFO: [Vivado 12-3272] Current instance is the top level cell 'inst' of design 'preSynthElab_1' [c:/Users/liangzhao/cod19grp1-xtx/thinpad_top.srcs/sources_1/ip/eth_mac/synth/eth_mac_clocks.xdc:53]
INFO: [Vivado 12-3272] Current instance is the top level cell 'inst' of design 'preSynthElab_1' [c:/Users/liangzhao/cod19grp1-xtx/thinpad_top.srcs/sources_1/ip/eth_mac/synth/eth_mac_clocks.xdc:54]
WARNING: [Designutils 20-1567] Use of 'set_false_path' with '-hold' is not supported by synthesis. The constraint will not be passed to synthesis. [c:/Users/liangzhao/cod19grp1-xtx/thinpad_top.srcs/sources_1/ip/eth_mac/synth/eth_mac_clocks.xdc:58]
WARNING: [Designutils 20-1567] Use of 'set_false_path' with '-hold' is not supported by synthesis. The constraint will not be passed to synthesis. [c:/Users/liangzhao/cod19grp1-xtx/thinpad_top.srcs/sources_1/ip/eth_mac/synth/eth_mac_clocks.xdc:59]
Finished Parsing XDC File [c:/Users/liangzhao/cod19grp1-xtx/thinpad_top.srcs/sources_1/ip/eth_mac/synth/eth_mac_clocks.xdc] for cell 'inst'
INFO: [Project 1-236] Implementation specific constraints were found while reading constraint file [c:/Users/liangzhao/cod19grp1-xtx/thinpad_top.srcs/sources_1/ip/eth_mac/synth/eth_mac_clocks.xdc]. These constraints will be ignored for synthesis but will be used in implementation. Impacted constraints are listed in the file [.Xil/eth_mac_propImpl.xdc].
Resolution: To avoid this warning, move constraints listed in [.Xil/eth_mac_propImpl.xdc] to another XDC file and exclude this new file from synthesis with the used_in_synthesis property (File Properties dialog in GUI) and re-run elaboration/synthesis.
Netlist sorting complete. Time (s): cpu = 00:00:00 ; elapsed = 00:00:00.007 . Memory (MB): peak = 795.516 ; gain = 0.000
Completed Processing XDC Constraints

Netlist sorting complete. Time (s): cpu = 00:00:00 ; elapsed = 00:00:00.002 . Memory (MB): peak = 795.516 ; gain = 0.000
INFO: [Project 1-111] Unisim Transformation Summary:
  A total of 10 instances were transformed.
  BUFGCE => BUFGCTRL: 2 instances
  RAM64X1D => RAM64X1D (RAMD64E, RAMD64E): 8 instances

Netlist sorting complete. Time (s): cpu = 00:00:00 ; elapsed = 00:00:00.002 . Memory (MB): peak = 795.516 ; gain = 0.000
Constraint Validation Runtime : Time (s): cpu = 00:00:01 ; elapsed = 00:00:00.048 . Memory (MB): peak = 795.516 ; gain = 0.000
---------------------------------------------------------------------------------
Finished Constraint Validation : Time (s): cpu = 00:00:19 ; elapsed = 00:00:22 . Memory (MB): peak = 795.516 ; gain = 515.879
---------------------------------------------------------------------------------
---------------------------------------------------------------------------------
Start Loading Part and Timing Information
---------------------------------------------------------------------------------
Loading part: xc7a100tfgg676-2L
---------------------------------------------------------------------------------
Finished Loading Part and Timing Information : Time (s): cpu = 00:00:19 ; elapsed = 00:00:22 . Memory (MB): peak = 795.516 ; gain = 515.879
---------------------------------------------------------------------------------
---------------------------------------------------------------------------------
Start Applying 'set_property' XDC Constraints
---------------------------------------------------------------------------------
Applied set_property DONT_TOUCH = true for inst. (constraint file  C:/Users/liangzhao/cod19grp1-xtx/thinpad_top.runs/eth_mac_synth_1/dont_touch.xdc, line 9).
---------------------------------------------------------------------------------
Finished applying 'set_property' XDC Constraints : Time (s): cpu = 00:00:19 ; elapsed = 00:00:22 . Memory (MB): peak = 795.516 ; gain = 515.879
---------------------------------------------------------------------------------
INFO: [Synth 8-802] inferred FSM for state register 'idelay_reset_cnt_reg' in module 'eth_mac_support_resets'
INFO: [Synth 8-5544] ROM "idelayctrl_reset" won't be mapped to Block RAM because address size (4) smaller than threshold (5)
INFO: [Synth 8-5544] ROM "idelay_reset_cnt" won't be mapped to Block RAM because address size (4) smaller than threshold (5)
.p 19
.s 12
.r IDLE
	 Default IDLE 
	 IDLE LOAD1 
	 COMMAND IDLE 
	 LOAD1 CLEAR_PIPE 
	 LOAD1 LOAD2 
	 LOAD2 CLEAR_PIPE 
	 LOAD2 WAIT 
	 WAIT SEND 
	 WAIT END_LOAD 
	 END_LOAD CLEAR_PIPE 
	 CLEAR_PIPE RELOAD1 
	 CLEAR_PIPE SEND 
	 CLEAR_PIPE BURST 
	 RELOAD1 RELOAD2 
	 RELOAD1 IDLE 
	 RELOAD2 SEND 
	 RELOAD2 WAIT 
	 SEND BURST 
	 BURST IDLE 
.e
INFO: [Synth 8-802] inferred FSM for state register 'tx_state_reg' in module 'tri_mode_ethernet_mac_v9_0_13_tx_axi_intf'
INFO: [Synth 8-5544] ROM "next_tx_state" won't be mapped to Block RAM because address size (1) smaller than threshold (5)
INFO: [Synth 8-5544] ROM "next_tx_state" won't be mapped to Block RAM because address size (1) smaller than threshold (5)
INFO: [Synth 8-5544] ROM "next_tx_state" won't be mapped to Block RAM because address size (1) smaller than threshold (5)
INFO: [Synth 8-5544] ROM "ip2bus_data" won't be mapped to Block RAM because address size (4) smaller than threshold (5)
INFO: [Synth 8-802] inferred FSM for state register 'rx_state_reg' in module 'tri_mode_ethernet_mac_v9_0_13_rx_axi_intf'
INFO: [Synth 8-5546] ROM "pause_value" won't be mapped to RAM because it is too sparse
INFO: [Synth 8-5546] ROM "pause_opcode_early" won't be mapped to RAM because it is too sparse
INFO: [Synth 8-5546] ROM "check_opcode" won't be mapped to RAM because it is too sparse
INFO: [Synth 8-5546] ROM "pause_req_int" won't be mapped to RAM because it is too sparse
INFO: [Synth 8-5546] ROM "bad_fc_opcode_int" won't be mapped to RAM because it is too sparse
INFO: [Synth 8-802] inferred FSM for state register 'state_count_reg' in module 'tri_mode_ethernet_mac_v9_0_13_tx_cntl'
INFO: [Synth 8-5546] ROM "data_avail_control" won't be mapped to RAM because it is too sparse
INFO: [Synth 8-5546] ROM "sample_int" won't be mapped to RAM because it is too sparse
INFO: [Synth 8-5544] ROM "state_count" won't be mapped to Block RAM because address size (3) smaller than threshold (5)
INFO: [Synth 8-802] inferred FSM for state register 'pause_state_reg' in module 'tri_mode_ethernet_mac_v9_0_13_pfc_tx_cntl'
INFO: [Synth 8-802] inferred FSM for state register 'legacy_state_reg' in module 'tri_mode_ethernet_mac_v9_0_13_pfc_tx_cntl'
INFO: [Synth 8-5544] ROM "pause_req" won't be mapped to Block RAM because address size (2) smaller than threshold (5)
INFO: [Synth 8-5544] ROM "next_legacy_state" won't be mapped to Block RAM because address size (3) smaller than threshold (5)
INFO: [Synth 8-5544] ROM "FRAME_START" won't be mapped to Block RAM because address size (1) smaller than threshold (5)
INFO: [Synth 8-5544] ROM "FRAME_COUNT" won't be mapped to Block RAM because address size (1) smaller than threshold (5)
INFO: [Synth 8-5544] ROM "DATA_REG[1]" won't be mapped to Block RAM because address size (1) smaller than threshold (5)
INFO: [Synth 8-5544] ROM "DATA_REG[1]" won't be mapped to Block RAM because address size (1) smaller than threshold (5)
INFO: [Synth 8-5544] ROM "STATUS_VECTOR" won't be mapped to Block RAM because address size (1) smaller than threshold (5)
INFO: [Synth 8-5546] ROM "EQUAL" won't be mapped to RAM because it is too sparse
INFO: [Synth 8-5546] ROM "EQUAL" won't be mapped to RAM because it is too sparse
INFO: [Synth 8-5546] ROM "EQUAL" won't be mapped to RAM because it is too sparse
INFO: [Synth 8-5544] ROM "EQUAL" won't be mapped to Block RAM because address size (2) smaller than threshold (5)
INFO: [Synth 8-5546] ROM "EQUAL" won't be mapped to RAM because it is too sparse
INFO: [Synth 8-5546] ROM "EQUAL" won't be mapped to RAM because it is too sparse
INFO: [Synth 8-5546] ROM "EQUAL" won't be mapped to RAM because it is too sparse
INFO: [Synth 8-5544] ROM "MAX_LENGTH_ERR" won't be mapped to Block RAM because address size (3) smaller than threshold (5)
INFO: [Synth 8-5546] ROM "EQUAL" won't be mapped to RAM because it is too sparse
INFO: [Synth 8-5546] ROM "SFD_FLAG_EARLY" won't be mapped to RAM because it is too sparse
INFO: [Synth 8-5546] ROM "EQUAL" won't be mapped to RAM because it is too sparse
INFO: [Synth 8-5546] ROM "EQUAL" won't be mapped to RAM because it is too sparse
INFO: [Synth 8-5546] ROM "EQUAL" won't be mapped to RAM because it is too sparse
INFO: [Synth 8-5546] ROM "EQUAL" won't be mapped to RAM because it is too sparse
INFO: [Synth 8-5546] ROM "broadcast_byte_match" won't be mapped to RAM because it is too sparse
INFO: [Synth 8-5546] ROM "broadcastaddressmatch_int" won't be mapped to RAM because it is too sparse
INFO: [Synth 8-5544] ROM "ram_rd" won't be mapped to Block RAM because address size (2) smaller than threshold (5)
---------------------------------------------------------------------------------------------------
                   State |                     New Encoding |                Previous Encoding 
---------------------------------------------------------------------------------------------------
                 iSTATE6 |                    0000000000001 |                             0000
                 iSTATE5 |                    0000000000010 |                             0001
                 iSTATE1 |                    0000000000100 |                             0010
                  iSTATE |                    0000000001000 |                             0011
                 iSTATE0 |                    0000000010000 |                             0100
                iSTATE11 |                    0000000100000 |                             0101
                iSTATE10 |                    0000001000000 |                             0110
                 iSTATE8 |                    0000010000000 |                             0111
                 iSTATE9 |                    0000100000000 |                             1000
                 iSTATE7 |                    0001000000000 |                             1001
                 iSTATE4 |                    0010000000000 |                             1010
                 iSTATE3 |                    0100000000000 |                             1011
                 iSTATE2 |                    1000000000000 |                             1100
*
---------------------------------------------------------------------------------------------------
INFO: [Synth 8-3354] encoded FSM with state register 'idelay_reset_cnt_reg' using encoding 'one-hot' in module 'eth_mac_support_resets'
INFO: [Synth 8-6159] Found Keep on FSM register 'tx_state_reg' in module 'tri_mode_ethernet_mac_v9_0_13_tx_axi_intf', re-encoding will not be performed
---------------------------------------------------------------------------------------------------
                   State |                     New Encoding |                Previous Encoding 
---------------------------------------------------------------------------------------------------
*
                    IDLE |                             0000 |                             0000
                   LOAD1 |                             0001 |                             0001
                   LOAD2 |                             0010 |                             0010
                    WAIT |                             0011 |                             0011
                END_LOAD |                             0100 |                             0100
              CLEAR_PIPE |                             0101 |                             0101
                 RELOAD1 |                             0110 |                             0110
                 RELOAD2 |                             0111 |                             0111
                    SEND |                             1000 |                             1000
                   BURST |                             1001 |                             1001
---------------------------------------------------------------------------------------------------
---------------------------------------------------------------------------------------------------
                   State |                     New Encoding |                Previous Encoding 
---------------------------------------------------------------------------------------------------
                    IDLE |                               01 |                               00
                     PKT |                               11 |                               01
                    WAIT |                               10 |                               10
                    DONE |                               00 |                               11
---------------------------------------------------------------------------------------------------
INFO: [Synth 8-3354] encoded FSM with state register 'rx_state_reg' using encoding 'sequential' in module 'tri_mode_ethernet_mac_v9_0_13_rx_axi_intf'
---------------------------------------------------------------------------------------------------
                   State |                     New Encoding |                Previous Encoding 
---------------------------------------------------------------------------------------------------
*
                    IDLE |                              001 |                              001
        TRANSMIT_REQUEST |                              010 |                              010
            TRANSMITTING |                              100 |                              100
---------------------------------------------------------------------------------------------------
INFO: [Synth 8-3898] No Re-encoding of one hot register 'state_count_reg' in module 'tri_mode_ethernet_mac_v9_0_13_tx_cntl'
---------------------------------------------------------------------------------------------------
                   State |                     New Encoding |                Previous Encoding 
---------------------------------------------------------------------------------------------------
                    IDLE |                             0001 |                              000
                     REQ |                             1000 |                              001
                    WAIT |                             0100 |                              010
                   COUNT |                             0010 |                              011
---------------------------------------------------------------------------------------------------
INFO: [Synth 8-3354] encoded FSM with state register 'legacy_state_reg' using encoding 'one-hot' in module 'tri_mode_ethernet_mac_v9_0_13_pfc_tx_cntl'
---------------------------------------------------------------------------------------------------
                   State |                     New Encoding |                Previous Encoding 
---------------------------------------------------------------------------------------------------
                  P_IDLE |                               00 |                               00
                   P_REQ |                               01 |                               01
                  P_WAIT |                               10 |                               10
                  P_HOLD |                               11 |                               11
---------------------------------------------------------------------------------------------------
INFO: [Synth 8-3354] encoded FSM with state register 'pause_state_reg' using encoding 'sequential' in module 'tri_mode_ethernet_mac_v9_0_13_pfc_tx_cntl'
---------------------------------------------------------------------------------
Finished RTL Optimization Phase 2 : Time (s): cpu = 00:00:22 ; elapsed = 00:00:26 . Memory (MB): peak = 795.516 ; gain = 515.879
---------------------------------------------------------------------------------

Report RTL Partitions: 
+-+--------------+------------+----------+
| |RTL Partition |Replication |Instances |
+-+--------------+------------+----------+
+-+--------------+------------+----------+
---------------------------------------------------------------------------------
Start RTL Component Statistics 
---------------------------------------------------------------------------------
---------------------------------------------------------------------------------
Finished RTL Component Statistics 
---------------------------------------------------------------------------------
---------------------------------------------------------------------------------
Start RTL Hierarchical Component Statistics 
---------------------------------------------------------------------------------
---------------------------------------------------------------------------------
Finished RTL Hierarchical Component Statistics
---------------------------------------------------------------------------------
---------------------------------------------------------------------------------
Start Part Resource Summary
---------------------------------------------------------------------------------
Part Resources:
DSPs: 240 (col length:80)
BRAMs: 270 (col length: RAMB18 80 RAMB36 40)
---------------------------------------------------------------------------------
Finished Part Resource Summary
---------------------------------------------------------------------------------
---------------------------------------------------------------------------------
Start Cross Boundary and Area Optimization
---------------------------------------------------------------------------------
Warning: Parallel synthesis criteria is not met 
INFO: [Synth 8-5546] ROM "tx/sample_int" won't be mapped to RAM because it is too sparse
INFO: [Synth 8-5546] ROM "tx/data_avail_control" won't be mapped to RAM because it is too sparse
INFO: [Synth 8-5546] ROM "rx/bad_fc_opcode_int" won't be mapped to RAM because it is too sparse
INFO: [Synth 8-5546] ROM "rx/pause_req_int" won't be mapped to RAM because it is too sparse
INFO: [Synth 8-5544] ROM "FRAME_DECODER/EQUAL" won't be mapped to Block RAM because address size (2) smaller than threshold (5)
INFO: [Synth 8-5546] ROM "FRAME_DECODER/EQUAL" won't be mapped to RAM because it is too sparse
INFO: [Synth 8-5546] ROM "FRAME_DECODER/EQUAL" won't be mapped to RAM because it is too sparse
INFO: [Synth 8-5546] ROM "FRAME_DECODER/EQUAL" won't be mapped to RAM because it is too sparse
INFO: [Synth 8-5546] ROM "FRAME_DECODER/EQUAL" won't be mapped to RAM because it is too sparse
INFO: [Synth 8-5546] ROM "FRAME_DECODER/EQUAL" won't be mapped to RAM because it is too sparse
INFO: [Synth 8-5546] ROM "FRAME_DECODER/EQUAL" won't be mapped to RAM because it is too sparse
INFO: [Synth 8-5546] ROM "FRAME_CHECKER/EQUAL" won't be mapped to RAM because it is too sparse
INFO: [Synth 8-5546] ROM "SFD_FLAG_EARLY" won't be mapped to RAM because it is too sparse
INFO: [Synth 8-5546] ROM "EQUAL" won't be mapped to RAM because it is too sparse
INFO: [Synth 8-5546] ROM "EQUAL" won't be mapped to RAM because it is too sparse
INFO: [Synth 8-5546] ROM "EQUAL" won't be mapped to RAM because it is too sparse
INFO: [Synth 8-5546] ROM "EQUAL" won't be mapped to RAM because it is too sparse
INFO: [Synth 8-5546] ROM "address_filter_inst/broadcastaddressmatch_int" won't be mapped to RAM because it is too sparse
INFO: [Synth 8-5546] ROM "address_filter_inst/broadcast_byte_match" won't be mapped to RAM because it is too sparse
INFO: [Synth 8-3333] propagating constant 0 across sequential element (inst/\tri_mode_ethernet_mac_i/eth_mac_core /\addr_filter_top/address_filter_inst/sync_update/data_sync_reg0 )
INFO: [Synth 8-3333] propagating constant 0 across sequential element (inst/\tri_mode_ethernet_mac_i/eth_mac_core /\flow/sync_tx_duplex/data_sync_reg0 )
INFO: [Synth 8-3333] propagating constant 0 across sequential element (inst/\tri_mode_ethernet_mac_i/eth_mac_core /\flow/sync_tx_pfc_en/data_sync_reg0 )
INFO: [Synth 8-3333] propagating constant 0 across sequential element (inst/\tri_mode_ethernet_mac_i/eth_mac_core /\flow/sync_rx_pfc_en/data_sync_reg0 )
INFO: [Synth 8-3333] propagating constant 0 across sequential element (inst/\tri_mode_ethernet_mac_i/eth_mac_core /\flow/sync_rx_duplex/data_sync_reg0 )
INFO: [Synth 8-3886] merging instance 'inst/tri_mode_ethernet_mac_i/eth_mac_core/flow/pfc_tx/priority_fsm[0].pri_state_reg[0][2]' (FD) to 'inst/tri_mode_ethernet_mac_i/eth_mac_core/flow/tx/pfc_quanta_pipe_reg[1][6]'
INFO: [Synth 8-3886] merging instance 'inst/tri_mode_ethernet_mac_i/eth_mac_core/flow/pfc_tx/priority_fsm[0].pri_state_reg[0][1]' (FD) to 'inst/tri_mode_ethernet_mac_i/eth_mac_core/flow/tx/pfc_quanta_pipe_reg[1][6]'
INFO: [Synth 8-3886] merging instance 'inst/tri_mode_ethernet_mac_i/eth_mac_core/flow/pfc_tx/priority_fsm[0].pri_state_reg[0][0]' (FD) to 'inst/tri_mode_ethernet_mac_i/eth_mac_core/flow/tx/pfc_quanta_pipe_reg[1][6]'
INFO: [Synth 8-3886] merging instance 'inst/tri_mode_ethernet_mac_i/eth_mac_core/flow/tx/pfc_quanta_pipe_reg[1][6]' (FD) to 'inst/tri_mode_ethernet_mac_i/eth_mac_core/flow/tx/pfc_quanta_pipe_reg[1][0]'
INFO: [Synth 8-3886] merging instance 'inst/tri_mode_ethernet_mac_i/eth_mac_core/flow/tx/pfc_quanta_pipe_reg[1][7]' (FD) to 'inst/tri_mode_ethernet_mac_i/eth_mac_core/flow/tx/pfc_quanta_pipe_reg[1][0]'
INFO: [Synth 8-3886] merging instance 'inst/tri_mode_ethernet_mac_i/eth_mac_core/flow/tx/pfc_quanta_pipe_reg[1][5]' (FD) to 'inst/tri_mode_ethernet_mac_i/eth_mac_core/flow/tx/pfc_quanta_pipe_reg[1][0]'
INFO: [Synth 8-3886] merging instance 'inst/tri_mode_ethernet_mac_i/eth_mac_core/flow/tx/pfc_quanta_pipe_reg[1][4]' (FD) to 'inst/tri_mode_ethernet_mac_i/eth_mac_core/flow/tx/pfc_quanta_pipe_reg[1][0]'
INFO: [Synth 8-3886] merging instance 'inst/tri_mode_ethernet_mac_i/eth_mac_core/flow/tx/pfc_quanta_pipe_reg[1][3]' (FD) to 'inst/tri_mode_ethernet_mac_i/eth_mac_core/flow/tx/pfc_quanta_pipe_reg[1][0]'
INFO: [Synth 8-3886] merging instance 'inst/tri_mode_ethernet_mac_i/eth_mac_core/flow/tx/pfc_quanta_pipe_reg[1][2]' (FD) to 'inst/tri_mode_ethernet_mac_i/eth_mac_core/flow/tx/pfc_quanta_pipe_reg[1][0]'
INFO: [Synth 8-3886] merging instance 'inst/tri_mode_ethernet_mac_i/eth_mac_core/flow/tx/pfc_quanta_pipe_reg[1][1]' (FD) to 'inst/tri_mode_ethernet_mac_i/eth_mac_core/flow/tx/pfc_quanta_pipe_reg[1][0]'
INFO: [Synth 8-3886] merging instance 'inst/tri_mode_ethernet_mac_i/eth_mac_core/flow/tx/pfc_quanta_pipe_reg[1][0]' (FD) to 'inst/tri_mode_ethernet_mac_i/eth_mac_core/gmii_mii_tx_gen/hd_tieoff.extension_reg_reg'
INFO: [Synth 8-3333] propagating constant 0 across sequential element (inst/\tri_mode_ethernet_mac_i/eth_mac_core /\txgen/INT_HALF_DUPLEX_reg )
INFO: [Synth 8-3333] propagating constant 0 across sequential element (inst/\tri_mode_ethernet_mac_i/eth_mac_core /\gmii_mii_tx_gen/hd_tieoff.extension_reg_reg )
INFO: [Synth 8-3333] propagating constant 0 across sequential element (inst/\tri_mode_ethernet_mac_i/eth_mac_core /\flow/pfc_tx/priority_fsm[0].pfc_valid_reg[0] )
INFO: [Synth 8-3333] propagating constant 1 across sequential element (inst/\tri_mode_ethernet_mac_i/eth_mac_core /\addr_filter_top/address_filter_inst/rx_filter_match_reg[0] )
INFO: [Synth 8-3333] propagating constant 0 across sequential element (inst/\tri_mode_ethernet_mac_i/eth_mac_core /\addr_filter_top/address_filter_inst/rx_ptp_match_reg )
INFO: [Synth 8-3886] merging instance 'inst/tri_mode_ethernet_mac_i/eth_mac_core/txgen/TX_SM1/STATUS_VECTOR_reg[20]' (FDRE) to 'inst/tri_mode_ethernet_mac_i/eth_mac_core/txgen/TX_SM1/STATUS_VECTOR_reg[21]'
INFO: [Synth 8-3886] merging instance 'inst/tri_mode_ethernet_mac_i/eth_mac_core/txgen/TX_SM1/STATUS_VECTOR_reg[21]' (FDRE) to 'inst/tri_mode_ethernet_mac_i/eth_mac_core/txgen/TX_SM1/STATUS_VECTOR_reg[22]'
INFO: [Synth 8-3886] merging instance 'inst/tri_mode_ethernet_mac_i/eth_mac_core/txgen/TX_SM1/STATUS_VECTOR_reg[22]' (FDRE) to 'inst/tri_mode_ethernet_mac_i/eth_mac_core/txgen/TX_SM1/STATUS_VECTOR_reg[23]'
INFO: [Synth 8-3886] merging instance 'inst/tri_mode_ethernet_mac_i/eth_mac_core/txgen/TX_SM1/STATUS_VECTOR_reg[23]' (FDRE) to 'inst/tri_mode_ethernet_mac_i/eth_mac_core/txgen/TX_SM1/STATUS_VECTOR_reg[24]'
INFO: [Synth 8-3886] merging instance 'inst/tri_mode_ethernet_mac_i/eth_mac_core/txgen/TX_SM1/STATUS_VECTOR_reg[24]' (FDRE) to 'inst/tri_mode_ethernet_mac_i/eth_mac_core/txgen/TX_SM1/STATUS_VECTOR_reg[25]'
INFO: [Synth 8-3886] merging instance 'inst/tri_mode_ethernet_mac_i/eth_mac_core/txgen/TX_SM1/STATUS_VECTOR_reg[25]' (FDRE) to 'inst/tri_mode_ethernet_mac_i/eth_mac_core/txgen/TX_SM1/STATUS_VECTOR_reg[26]'
INFO: [Synth 8-3886] merging instance 'inst/tri_mode_ethernet_mac_i/eth_mac_core/txgen/TX_SM1/STATUS_VECTOR_reg[26]' (FDRE) to 'inst/tri_mode_ethernet_mac_i/eth_mac_core/txgen/TX_SM1/STATUS_VECTOR_reg[27]'
INFO: [Synth 8-3886] merging instance 'inst/tri_mode_ethernet_mac_i/eth_mac_core/txgen/TX_SM1/STATUS_VECTOR_reg[27]' (FDRE) to 'inst/tri_mode_ethernet_mac_i/eth_mac_core/txgen/TX_SM1/STATUS_VECTOR_reg[28]'
INFO: [Synth 8-3886] merging instance 'inst/tri_mode_ethernet_mac_i/eth_mac_core/txgen/TX_SM1/STATUS_VECTOR_reg[28]' (FDRE) to 'inst/tri_mode_ethernet_mac_i/eth_mac_core/txgen/TX_SM1/STATUS_VECTOR_reg[29]'
INFO: [Synth 8-3333] propagating constant 0 across sequential element (inst/\tri_mode_ethernet_mac_i/eth_mac_core /\txgen/TX_SM1/STATUS_VECTOR_reg[29] )
INFO: [Synth 8-3333] propagating constant 0 across sequential element (inst/\tri_mode_ethernet_mac_i/eth_mac_core /\addr_filter_top/address_filter_inst/update_pause_ad_sync_reg_reg )
INFO: [Synth 8-3886] merging instance 'inst/tri_mode_ethernet_mac_i/eth_mac_core/txgen/TX_SM1/REG_STATUS_VALID_reg' (FDRE) to 'inst/tri_mode_ethernet_mac_i/eth_mac_core/txgen/TX_SM1/STATUS_VALID_reg'
WARNING: [Synth 8-3332] Sequential element (flow/sync_rx_duplex/data_sync_reg0) is unused and will be removed from module tri_mode_ethernet_mac_v9_0_13.
WARNING: [Synth 8-3332] Sequential element (flow/sync_rx_duplex/data_sync_reg1) is unused and will be removed from module tri_mode_ethernet_mac_v9_0_13.
WARNING: [Synth 8-3332] Sequential element (flow/sync_rx_duplex/data_sync_reg2) is unused and will be removed from module tri_mode_ethernet_mac_v9_0_13.
WARNING: [Synth 8-3332] Sequential element (flow/sync_rx_duplex/data_sync_reg3) is unused and will be removed from module tri_mode_ethernet_mac_v9_0_13.
WARNING: [Synth 8-3332] Sequential element (flow/sync_rx_duplex/data_sync_reg4) is unused and will be removed from module tri_mode_ethernet_mac_v9_0_13.
WARNING: [Synth 8-3332] Sequential element (flow/sync_tx_duplex/data_sync_reg0) is unused and will be removed from module tri_mode_ethernet_mac_v9_0_13.
WARNING: [Synth 8-3332] Sequential element (flow/sync_tx_duplex/data_sync_reg1) is unused and will be removed from module tri_mode_ethernet_mac_v9_0_13.
WARNING: [Synth 8-3332] Sequential element (flow/sync_tx_duplex/data_sync_reg2) is unused and will be removed from module tri_mode_ethernet_mac_v9_0_13.
WARNING: [Synth 8-3332] Sequential element (flow/sync_tx_duplex/data_sync_reg3) is unused and will be removed from module tri_mode_ethernet_mac_v9_0_13.
WARNING: [Synth 8-3332] Sequential element (flow/sync_tx_duplex/data_sync_reg4) is unused and will be removed from module tri_mode_ethernet_mac_v9_0_13.
WARNING: [Synth 8-3332] Sequential element (flow/sync_rx_pfc_en/data_sync_reg0) is unused and will be removed from module tri_mode_ethernet_mac_v9_0_13.
WARNING: [Synth 8-3332] Sequential element (flow/sync_rx_pfc_en/data_sync_reg1) is unused and will be removed from module tri_mode_ethernet_mac_v9_0_13.
WARNING: [Synth 8-3332] Sequential element (flow/sync_rx_pfc_en/data_sync_reg2) is unused and will be removed from module tri_mode_ethernet_mac_v9_0_13.
WARNING: [Synth 8-3332] Sequential element (flow/sync_rx_pfc_en/data_sync_reg3) is unused and will be removed from module tri_mode_ethernet_mac_v9_0_13.
WARNING: [Synth 8-3332] Sequential element (flow/sync_rx_pfc_en/data_sync_reg4) is unused and will be removed from module tri_mode_ethernet_mac_v9_0_13.
WARNING: [Synth 8-3332] Sequential element (flow/sync_tx_pfc_en/data_sync_reg0) is unused and will be removed from module tri_mode_ethernet_mac_v9_0_13.
WARNING: [Synth 8-3332] Sequential element (flow/sync_tx_pfc_en/data_sync_reg1) is unused and will be removed from module tri_mode_ethernet_mac_v9_0_13.
WARNING: [Synth 8-3332] Sequential element (flow/sync_tx_pfc_en/data_sync_reg2) is unused and will be removed from module tri_mode_ethernet_mac_v9_0_13.
WARNING: [Synth 8-3332] Sequential element (flow/sync_tx_pfc_en/data_sync_reg3) is unused and will be removed from module tri_mode_ethernet_mac_v9_0_13.
WARNING: [Synth 8-3332] Sequential element (flow/sync_tx_pfc_en/data_sync_reg4) is unused and will be removed from module tri_mode_ethernet_mac_v9_0_13.
WARNING: [Synth 8-3332] Sequential element (flow/sync_auto_en/data_sync_reg0) is unused and will be removed from module tri_mode_ethernet_mac_v9_0_13.
WARNING: [Synth 8-3332] Sequential element (flow/sync_auto_en/data_sync_reg1) is unused and will be removed from module tri_mode_ethernet_mac_v9_0_13.
WARNING: [Synth 8-3332] Sequential element (flow/sync_auto_en/data_sync_reg2) is unused and will be removed from module tri_mode_ethernet_mac_v9_0_13.
WARNING: [Synth 8-3332] Sequential element (flow/sync_auto_en/data_sync_reg3) is unused and will be removed from module tri_mode_ethernet_mac_v9_0_13.
WARNING: [Synth 8-3332] Sequential element (flow/sync_auto_en/data_sync_reg4) is unused and will be removed from module tri_mode_ethernet_mac_v9_0_13.
WARNING: [Synth 8-3332] Sequential element (flow/ppe_sync[0].sync_rx_pen/data_sync_reg0) is unused and will be removed from module tri_mode_ethernet_mac_v9_0_13.
WARNING: [Synth 8-3332] Sequential element (flow/ppe_sync[0].sync_rx_pen/data_sync_reg1) is unused and will be removed from module tri_mode_ethernet_mac_v9_0_13.
WARNING: [Synth 8-3332] Sequential element (flow/ppe_sync[0].sync_rx_pen/data_sync_reg2) is unused and will be removed from module tri_mode_ethernet_mac_v9_0_13.
WARNING: [Synth 8-3332] Sequential element (flow/ppe_sync[0].sync_rx_pen/data_sync_reg3) is unused and will be removed from module tri_mode_ethernet_mac_v9_0_13.
WARNING: [Synth 8-3332] Sequential element (flow/ppe_sync[0].sync_rx_pen/data_sync_reg4) is unused and will be removed from module tri_mode_ethernet_mac_v9_0_13.
WARNING: [Synth 8-3332] Sequential element (flow/ppe_sync[0].sync_tx_pen/data_sync_reg0) is unused and will be removed from module tri_mode_ethernet_mac_v9_0_13.
WARNING: [Synth 8-3332] Sequential element (flow/ppe_sync[0].sync_tx_pen/data_sync_reg1) is unused and will be removed from module tri_mode_ethernet_mac_v9_0_13.
WARNING: [Synth 8-3332] Sequential element (flow/ppe_sync[0].sync_tx_pen/data_sync_reg2) is unused and will be removed from module tri_mode_ethernet_mac_v9_0_13.
WARNING: [Synth 8-3332] Sequential element (flow/ppe_sync[0].sync_tx_pen/data_sync_reg3) is unused and will be removed from module tri_mode_ethernet_mac_v9_0_13.
WARNING: [Synth 8-3332] Sequential element (flow/ppe_sync[0].sync_tx_pen/data_sync_reg4) is unused and will be removed from module tri_mode_ethernet_mac_v9_0_13.
WARNING: [Synth 8-3332] Sequential element (flow/ppe_sync[1].sync_rx_pen/data_sync_reg0) is unused and will be removed from module tri_mode_ethernet_mac_v9_0_13.
WARNING: [Synth 8-3332] Sequential element (flow/ppe_sync[1].sync_rx_pen/data_sync_reg1) is unused and will be removed from module tri_mode_ethernet_mac_v9_0_13.
WARNING: [Synth 8-3332] Sequential element (flow/ppe_sync[1].sync_rx_pen/data_sync_reg2) is unused and will be removed from module tri_mode_ethernet_mac_v9_0_13.
WARNING: [Synth 8-3332] Sequential element (flow/ppe_sync[1].sync_rx_pen/data_sync_reg3) is unused and will be removed from module tri_mode_ethernet_mac_v9_0_13.
WARNING: [Synth 8-3332] Sequential element (flow/ppe_sync[1].sync_rx_pen/data_sync_reg4) is unused and will be removed from module tri_mode_ethernet_mac_v9_0_13.
WARNING: [Synth 8-3332] Sequential element (flow/ppe_sync[1].sync_tx_pen/data_sync_reg0) is unused and will be removed from module tri_mode_ethernet_mac_v9_0_13.
WARNING: [Synth 8-3332] Sequential element (flow/ppe_sync[1].sync_tx_pen/data_sync_reg1) is unused and will be removed from module tri_mode_ethernet_mac_v9_0_13.
WARNING: [Synth 8-3332] Sequential element (flow/ppe_sync[1].sync_tx_pen/data_sync_reg2) is unused and will be removed from module tri_mode_ethernet_mac_v9_0_13.
WARNING: [Synth 8-3332] Sequential element (flow/ppe_sync[1].sync_tx_pen/data_sync_reg3) is unused and will be removed from module tri_mode_ethernet_mac_v9_0_13.
WARNING: [Synth 8-3332] Sequential element (flow/ppe_sync[1].sync_tx_pen/data_sync_reg4) is unused and will be removed from module tri_mode_ethernet_mac_v9_0_13.
WARNING: [Synth 8-3332] Sequential element (flow/ppe_sync[2].sync_rx_pen/data_sync_reg0) is unused and will be removed from module tri_mode_ethernet_mac_v9_0_13.
WARNING: [Synth 8-3332] Sequential element (flow/ppe_sync[2].sync_rx_pen/data_sync_reg1) is unused and will be removed from module tri_mode_ethernet_mac_v9_0_13.
WARNING: [Synth 8-3332] Sequential element (flow/ppe_sync[2].sync_rx_pen/data_sync_reg2) is unused and will be removed from module tri_mode_ethernet_mac_v9_0_13.
WARNING: [Synth 8-3332] Sequential element (flow/ppe_sync[2].sync_rx_pen/data_sync_reg3) is unused and will be removed from module tri_mode_ethernet_mac_v9_0_13.
WARNING: [Synth 8-3332] Sequential element (flow/ppe_sync[2].sync_rx_pen/data_sync_reg4) is unused and will be removed from module tri_mode_ethernet_mac_v9_0_13.
WARNING: [Synth 8-3332] Sequential element (flow/ppe_sync[2].sync_tx_pen/data_sync_reg0) is unused and will be removed from module tri_mode_ethernet_mac_v9_0_13.
WARNING: [Synth 8-3332] Sequential element (flow/ppe_sync[2].sync_tx_pen/data_sync_reg1) is unused and will be removed from module tri_mode_ethernet_mac_v9_0_13.
WARNING: [Synth 8-3332] Sequential element (flow/ppe_sync[2].sync_tx_pen/data_sync_reg2) is unused and will be removed from module tri_mode_ethernet_mac_v9_0_13.
WARNING: [Synth 8-3332] Sequential element (flow/ppe_sync[2].sync_tx_pen/data_sync_reg3) is unused and will be removed from module tri_mode_ethernet_mac_v9_0_13.
WARNING: [Synth 8-3332] Sequential element (flow/ppe_sync[2].sync_tx_pen/data_sync_reg4) is unused and will be removed from module tri_mode_ethernet_mac_v9_0_13.
WARNING: [Synth 8-3332] Sequential element (flow/ppe_sync[3].sync_rx_pen/data_sync_reg0) is unused and will be removed from module tri_mode_ethernet_mac_v9_0_13.
WARNING: [Synth 8-3332] Sequential element (flow/ppe_sync[3].sync_rx_pen/data_sync_reg1) is unused and will be removed from module tri_mode_ethernet_mac_v9_0_13.
WARNING: [Synth 8-3332] Sequential element (flow/ppe_sync[3].sync_rx_pen/data_sync_reg2) is unused and will be removed from module tri_mode_ethernet_mac_v9_0_13.
WARNING: [Synth 8-3332] Sequential element (flow/ppe_sync[3].sync_rx_pen/data_sync_reg3) is unused and will be removed from module tri_mode_ethernet_mac_v9_0_13.
WARNING: [Synth 8-3332] Sequential element (flow/ppe_sync[3].sync_rx_pen/data_sync_reg4) is unused and will be removed from module tri_mode_ethernet_mac_v9_0_13.
WARNING: [Synth 8-3332] Sequential element (flow/ppe_sync[3].sync_tx_pen/data_sync_reg0) is unused and will be removed from module tri_mode_ethernet_mac_v9_0_13.
WARNING: [Synth 8-3332] Sequential element (flow/ppe_sync[3].sync_tx_pen/data_sync_reg1) is unused and will be removed from module tri_mode_ethernet_mac_v9_0_13.
WARNING: [Synth 8-3332] Sequential element (flow/ppe_sync[3].sync_tx_pen/data_sync_reg2) is unused and will be removed from module tri_mode_ethernet_mac_v9_0_13.
WARNING: [Synth 8-3332] Sequential element (flow/ppe_sync[3].sync_tx_pen/data_sync_reg3) is unused and will be removed from module tri_mode_ethernet_mac_v9_0_13.
WARNING: [Synth 8-3332] Sequential element (flow/ppe_sync[3].sync_tx_pen/data_sync_reg4) is unused and will be removed from module tri_mode_ethernet_mac_v9_0_13.
WARNING: [Synth 8-3332] Sequential element (flow/ppe_sync[4].sync_rx_pen/data_sync_reg0) is unused and will be removed from module tri_mode_ethernet_mac_v9_0_13.
WARNING: [Synth 8-3332] Sequential element (flow/ppe_sync[4].sync_rx_pen/data_sync_reg1) is unused and will be removed from module tri_mode_ethernet_mac_v9_0_13.
WARNING: [Synth 8-3332] Sequential element (flow/ppe_sync[4].sync_rx_pen/data_sync_reg2) is unused and will be removed from module tri_mode_ethernet_mac_v9_0_13.
WARNING: [Synth 8-3332] Sequential element (flow/ppe_sync[4].sync_rx_pen/data_sync_reg3) is unused and will be removed from module tri_mode_ethernet_mac_v9_0_13.
WARNING: [Synth 8-3332] Sequential element (flow/ppe_sync[4].sync_rx_pen/data_sync_reg4) is unused and will be removed from module tri_mode_ethernet_mac_v9_0_13.
WARNING: [Synth 8-3332] Sequential element (flow/ppe_sync[4].sync_tx_pen/data_sync_reg0) is unused and will be removed from module tri_mode_ethernet_mac_v9_0_13.
WARNING: [Synth 8-3332] Sequential element (flow/ppe_sync[4].sync_tx_pen/data_sync_reg1) is unused and will be removed from module tri_mode_ethernet_mac_v9_0_13.
WARNING: [Synth 8-3332] Sequential element (flow/ppe_sync[4].sync_tx_pen/data_sync_reg2) is unused and will be removed from module tri_mode_ethernet_mac_v9_0_13.
WARNING: [Synth 8-3332] Sequential element (flow/ppe_sync[4].sync_tx_pen/data_sync_reg3) is unused and will be removed from module tri_mode_ethernet_mac_v9_0_13.
WARNING: [Synth 8-3332] Sequential element (flow/ppe_sync[4].sync_tx_pen/data_sync_reg4) is unused and will be removed from module tri_mode_ethernet_mac_v9_0_13.
WARNING: [Synth 8-3332] Sequential element (flow/ppe_sync[5].sync_rx_pen/data_sync_reg0) is unused and will be removed from module tri_mode_ethernet_mac_v9_0_13.
WARNING: [Synth 8-3332] Sequential element (flow/ppe_sync[5].sync_rx_pen/data_sync_reg1) is unused and will be removed from module tri_mode_ethernet_mac_v9_0_13.
WARNING: [Synth 8-3332] Sequential element (flow/ppe_sync[5].sync_rx_pen/data_sync_reg2) is unused and will be removed from module tri_mode_ethernet_mac_v9_0_13.
WARNING: [Synth 8-3332] Sequential element (flow/ppe_sync[5].sync_rx_pen/data_sync_reg3) is unused and will be removed from module tri_mode_ethernet_mac_v9_0_13.
WARNING: [Synth 8-3332] Sequential element (flow/ppe_sync[5].sync_rx_pen/data_sync_reg4) is unused and will be removed from module tri_mode_ethernet_mac_v9_0_13.
WARNING: [Synth 8-3332] Sequential element (flow/ppe_sync[5].sync_tx_pen/data_sync_reg0) is unused and will be removed from module tri_mode_ethernet_mac_v9_0_13.
WARNING: [Synth 8-3332] Sequential element (flow/ppe_sync[5].sync_tx_pen/data_sync_reg1) is unused and will be removed from module tri_mode_ethernet_mac_v9_0_13.
WARNING: [Synth 8-3332] Sequential element (flow/ppe_sync[5].sync_tx_pen/data_sync_reg2) is unused and will be removed from module tri_mode_ethernet_mac_v9_0_13.
WARNING: [Synth 8-3332] Sequential element (flow/ppe_sync[5].sync_tx_pen/data_sync_reg3) is unused and will be removed from module tri_mode_ethernet_mac_v9_0_13.
WARNING: [Synth 8-3332] Sequential element (flow/ppe_sync[5].sync_tx_pen/data_sync_reg4) is unused and will be removed from module tri_mode_ethernet_mac_v9_0_13.
WARNING: [Synth 8-3332] Sequential element (flow/ppe_sync[6].sync_rx_pen/data_sync_reg0) is unused and will be removed from module tri_mode_ethernet_mac_v9_0_13.
WARNING: [Synth 8-3332] Sequential element (flow/ppe_sync[6].sync_rx_pen/data_sync_reg1) is unused and will be removed from module tri_mode_ethernet_mac_v9_0_13.
WARNING: [Synth 8-3332] Sequential element (flow/ppe_sync[6].sync_rx_pen/data_sync_reg2) is unused and will be removed from module tri_mode_ethernet_mac_v9_0_13.
WARNING: [Synth 8-3332] Sequential element (flow/ppe_sync[6].sync_rx_pen/data_sync_reg3) is unused and will be removed from module tri_mode_ethernet_mac_v9_0_13.
WARNING: [Synth 8-3332] Sequential element (flow/ppe_sync[6].sync_rx_pen/data_sync_reg4) is unused and will be removed from module tri_mode_ethernet_mac_v9_0_13.
WARNING: [Synth 8-3332] Sequential element (flow/ppe_sync[6].sync_tx_pen/data_sync_reg0) is unused and will be removed from module tri_mode_ethernet_mac_v9_0_13.
WARNING: [Synth 8-3332] Sequential element (flow/ppe_sync[6].sync_tx_pen/data_sync_reg1) is unused and will be removed from module tri_mode_ethernet_mac_v9_0_13.
WARNING: [Synth 8-3332] Sequential element (flow/ppe_sync[6].sync_tx_pen/data_sync_reg2) is unused and will be removed from module tri_mode_ethernet_mac_v9_0_13.
WARNING: [Synth 8-3332] Sequential element (flow/ppe_sync[6].sync_tx_pen/data_sync_reg3) is unused and will be removed from module tri_mode_ethernet_mac_v9_0_13.
WARNING: [Synth 8-3332] Sequential element (flow/ppe_sync[6].sync_tx_pen/data_sync_reg4) is unused and will be removed from module tri_mode_ethernet_mac_v9_0_13.
WARNING: [Synth 8-3332] Sequential element (flow/ppe_sync[7].sync_rx_pen/data_sync_reg0) is unused and will be removed from module tri_mode_ethernet_mac_v9_0_13.
WARNING: [Synth 8-3332] Sequential element (flow/ppe_sync[7].sync_rx_pen/data_sync_reg1) is unused and will be removed from module tri_mode_ethernet_mac_v9_0_13.
WARNING: [Synth 8-3332] Sequential element (flow/ppe_sync[7].sync_rx_pen/data_sync_reg2) is unused and will be removed from module tri_mode_ethernet_mac_v9_0_13.
WARNING: [Synth 8-3332] Sequential element (flow/ppe_sync[7].sync_rx_pen/data_sync_reg3) is unused and will be removed from module tri_mode_ethernet_mac_v9_0_13.
WARNING: [Synth 8-3332] Sequential element (flow/ppe_sync[7].sync_rx_pen/data_sync_reg4) is unused and will be removed from module tri_mode_ethernet_mac_v9_0_13.
INFO: [Common 17-14] Message 'Synth 8-3332' appears 100 times and further instances of the messages will be disabled. Use the Tcl command set_msg_config to change the current settings.
---------------------------------------------------------------------------------
Finished Cross Boundary and Area Optimization : Time (s): cpu = 00:00:28 ; elapsed = 00:00:31 . Memory (MB): peak = 795.516 ; gain = 515.879
---------------------------------------------------------------------------------

Report RTL Partitions: 
+-+--------------+------------+----------+
| |RTL Partition |Replication |Instances |
+-+--------------+------------+----------+
+-+--------------+------------+----------+
---------------------------------------------------------------------------------
Start Applying XDC Timing Constraints
---------------------------------------------------------------------------------
WARNING: [Synth 8-3321] set_false_path : Empty to list for constraint at line 80 of c:/Users/liangzhao/cod19grp1-xtx/thinpad_top.srcs/sources_1/ip/eth_mac/synth/eth_mac.xdc. [c:/Users/liangzhao/cod19grp1-xtx/thinpad_top.srcs/sources_1/ip/eth_mac/synth/eth_mac.xdc:80]
---------------------------------------------------------------------------------
Finished Applying XDC Timing Constraints : Time (s): cpu = 00:00:35 ; elapsed = 00:00:39 . Memory (MB): peak = 795.516 ; gain = 515.879
---------------------------------------------------------------------------------
---------------------------------------------------------------------------------
Start Timing Optimization
---------------------------------------------------------------------------------
---------------------------------------------------------------------------------
Finished Timing Optimization : Time (s): cpu = 00:00:36 ; elapsed = 00:00:40 . Memory (MB): peak = 795.516 ; gain = 515.879
---------------------------------------------------------------------------------

Report RTL Partitions: 
+-+--------------+------------+----------+
| |RTL Partition |Replication |Instances |
+-+--------------+------------+----------+
+-+--------------+------------+----------+
---------------------------------------------------------------------------------
Start Technology Mapping
---------------------------------------------------------------------------------
---------------------------------------------------------------------------------
Finished Technology Mapping : Time (s): cpu = 00:00:37 ; elapsed = 00:00:41 . Memory (MB): peak = 797.047 ; gain = 517.410
---------------------------------------------------------------------------------

Report RTL Partitions: 
+-+--------------+------------+----------+
| |RTL Partition |Replication |Instances |
+-+--------------+------------+----------+
+-+--------------+------------+----------+
---------------------------------------------------------------------------------
Start IO Insertion
---------------------------------------------------------------------------------
---------------------------------------------------------------------------------
Start Flattening Before IO Insertion
---------------------------------------------------------------------------------
---------------------------------------------------------------------------------
Finished Flattening Before IO Insertion
---------------------------------------------------------------------------------
---------------------------------------------------------------------------------
Start Final Netlist Cleanup
---------------------------------------------------------------------------------
INFO: [Synth 8-4618] Found max_fanout attribute set to 20 on net \addr_filter_top/address_filter_inst/counter [1]. Fanout reduced from 21 to 8 by creating 2 replicas.
INFO: [Synth 8-4618] Found max_fanout attribute set to 20 on net \addr_filter_top/address_filter_inst/counter [0]. Fanout reduced from 22 to 8 by creating 2 replicas.
INFO: [Synth 8-4618] Found max_fanout attribute set to 6 on net \no_avb_tx_axi_intf.tx_axi_shim/two_byte_tx . Fanout reduced from 7 to 4 by creating 1 replicas.
INFO: [Synth 8-4618] Found max_fanout attribute set to 6 on net \no_avb_tx_axi_intf.tx_axi_shim/early_deassert . Fanout reduced from 7 to 4 by creating 1 replicas.
INFO: [Synth 8-4618] Found max_fanout attribute set to 4 on net \no_avb_tx_axi_intf.tx_axi_shim/tx_state [3]. Fanout reduced from 27 to 4 by creating 7 replicas.
INFO: [Synth 8-4618] Found max_fanout attribute set to 4 on net \no_avb_tx_axi_intf.tx_axi_shim/tx_state [1]. Fanout reduced from 32 to 4 by creating 7 replicas.
INFO: [Synth 8-4618] Found max_fanout attribute set to 4 on net \no_avb_tx_axi_intf.tx_axi_shim/tx_state [2]. Fanout reduced from 31 to 4 by creating 7 replicas.
INFO: [Synth 8-4618] Found max_fanout attribute set to 4 on net \no_avb_tx_axi_intf.tx_axi_shim/tx_enable_reg . Fanout reduced from 346 to 4 by creating 86 replicas.
INFO: [Synth 8-4618] Found max_fanout attribute set to 4 on net \no_avb_tx_axi_intf.tx_axi_shim/tx_state [0]. Fanout reduced from 35 to 4 by creating 8 replicas.
INFO: [Synth 8-4618] Found max_fanout attribute set to 4 on net \no_avb_tx_axi_intf.tx_axi_shim/tx_mac_tready_int . Fanout reduced from 16 to 4 by creating 4 replicas.
INFO: [Synth 8-4618] Found max_fanout attribute set to 4 on net \no_avb_tx_axi_intf.tx_axi_shim/gate_tready . Fanout reduced from 5 to 3 by creating 1 replicas.
INFO: [Synth 8-5365] Flop tri_mode_ethernet_mac_support_resets_i/FSM_onehot_idelay_reset_cnt_reg[12] is being inverted and renamed to tri_mode_ethernet_mac_support_resets_i/FSM_onehot_idelay_reset_cnt_reg[12]_inv.
---------------------------------------------------------------------------------
Finished Final Netlist Cleanup
---------------------------------------------------------------------------------
---------------------------------------------------------------------------------
Finished IO Insertion : Time (s): cpu = 00:00:38 ; elapsed = 00:00:42 . Memory (MB): peak = 797.047 ; gain = 517.410
---------------------------------------------------------------------------------

Report Check Netlist: 
+------+------------------+-------+---------+-------+------------------+
|      |Item              |Errors |Warnings |Status |Description       |
+------+------------------+-------+---------+-------+------------------+
|1     |multi_driven_nets |      0|        0|Passed |Multi driven nets |
+------+------------------+-------+---------+-------+------------------+
---------------------------------------------------------------------------------
Start Renaming Generated Instances
---------------------------------------------------------------------------------
---------------------------------------------------------------------------------
Finished Renaming Generated Instances : Time (s): cpu = 00:00:38 ; elapsed = 00:00:42 . Memory (MB): peak = 797.047 ; gain = 517.410
---------------------------------------------------------------------------------

Report RTL Partitions: 
+-+--------------+------------+----------+
| |RTL Partition |Replication |Instances |
+-+--------------+------------+----------+
+-+--------------+------------+----------+
---------------------------------------------------------------------------------
Start Rebuilding User Hierarchy
---------------------------------------------------------------------------------
---------------------------------------------------------------------------------
Finished Rebuilding User Hierarchy : Time (s): cpu = 00:00:38 ; elapsed = 00:00:42 . Memory (MB): peak = 797.047 ; gain = 517.410
---------------------------------------------------------------------------------
---------------------------------------------------------------------------------
Start Renaming Generated Ports
---------------------------------------------------------------------------------
---------------------------------------------------------------------------------
Finished Renaming Generated Ports : Time (s): cpu = 00:00:38 ; elapsed = 00:00:42 . Memory (MB): peak = 797.047 ; gain = 517.410
---------------------------------------------------------------------------------
---------------------------------------------------------------------------------
Start Handling Custom Attributes
---------------------------------------------------------------------------------
---------------------------------------------------------------------------------
Finished Handling Custom Attributes : Time (s): cpu = 00:00:38 ; elapsed = 00:00:42 . Memory (MB): peak = 797.047 ; gain = 517.410
---------------------------------------------------------------------------------
---------------------------------------------------------------------------------
Start Renaming Generated Nets
---------------------------------------------------------------------------------
---------------------------------------------------------------------------------
Finished Renaming Generated Nets : Time (s): cpu = 00:00:38 ; elapsed = 00:00:42 . Memory (MB): peak = 797.047 ; gain = 517.410
---------------------------------------------------------------------------------
---------------------------------------------------------------------------------
Start Writing Synthesis Report
---------------------------------------------------------------------------------

Report BlackBoxes: 
+-+--------------+----------+
| |BlackBox name |Instances |
+-+--------------+----------+
+-+--------------+----------+

Report Cell Usage: 
+------+-----------+------+
|      |Cell       |Count |
+------+-----------+------+
|1     |BUFGCE     |     2|
|2     |BUFIO      |     1|
|3     |BUFR       |     1|
|4     |CARRY4     |    16|
|5     |IDDR       |     5|
|6     |IDELAYCTRL |     1|
|7     |IDELAYE2   |     5|
|8     |LUT1       |    36|
|9     |LUT2       |   137|
|10    |LUT3       |   137|
|11    |LUT4       |   137|
|12    |LUT5       |   156|
|13    |LUT6       |   275|
|14    |MMCME2_ADV |     1|
|15    |MUXCY      |    70|
|16    |MUXF7      |     9|
|17    |ODDR       |     6|
|18    |RAM64X1D   |     8|
|19    |SRL16E     |    14|
|20    |XORCY      |    70|
|21    |FDCE       |   103|
|22    |FDPE       |    25|
|23    |FDRE       |  1152|
|24    |FDSE       |    48|
|25    |IBUF       |     6|
|26    |OBUF       |     6|
+------+-----------+------+
---------------------------------------------------------------------------------
Finished Writing Synthesis Report : Time (s): cpu = 00:00:38 ; elapsed = 00:00:42 . Memory (MB): peak = 797.047 ; gain = 517.410
---------------------------------------------------------------------------------
Synthesis finished with 0 errors, 0 critical warnings and 903 warnings.
Synthesis Optimization Runtime : Time (s): cpu = 00:00:22 ; elapsed = 00:00:35 . Memory (MB): peak = 797.047 ; gain = 188.859
Synthesis Optimization Complete : Time (s): cpu = 00:00:38 ; elapsed = 00:00:43 . Memory (MB): peak = 797.047 ; gain = 517.410
INFO: [Project 1-571] Translating synthesized netlist
INFO: [Netlist 29-17] Analyzing 193 Unisim elements for replacement
INFO: [Netlist 29-28] Unisim Transformation completed in 0 CPU seconds
INFO: [Project 1-570] Preparing netlist for logic optimization
INFO: [Opt 31-138] Pushed 0 inverter(s) to 0 load pin(s).
Netlist sorting complete. Time (s): cpu = 00:00:00 ; elapsed = 00:00:00.001 . Memory (MB): peak = 797.047 ; gain = 0.000
INFO: [Project 1-111] Unisim Transformation Summary:
  A total of 30 instances were transformed.
  (MUXCY,XORCY) => CARRY4: 20 instances
  BUFGCE => BUFGCTRL: 2 instances
  RAM64X1D => RAM64X1D (RAMD64E, RAMD64E): 8 instances

INFO: [Common 17-83] Releasing license: Synthesis
201 Infos, 206 Warnings, 0 Critical Warnings and 0 Errors encountered.
synth_design completed successfully
synth_design: Time (s): cpu = 00:00:41 ; elapsed = 00:00:46 . Memory (MB): peak = 797.047 ; gain = 517.410
Netlist sorting complete. Time (s): cpu = 00:00:00 ; elapsed = 00:00:00.003 . Memory (MB): peak = 797.047 ; gain = 0.000
WARNING: [Constraints 18-5210] No constraints selected for write.
Resolution: This message can indicate that there are no constraints for the design, or it can indicate that the used_in flags are set such that the constraints are ignored. This later case is used when running synth_design to not write synthesis constraints to the resulting checkpoint. Instead, project constraints are read when the synthesized design is opened.
INFO: [Common 17-1381] The checkpoint 'C:/Users/liangzhao/cod19grp1-xtx/thinpad_top.runs/eth_mac_synth_1/eth_mac.dcp' has been generated.
INFO: [Coretcl 2-1648] Added synthesis output to IP cache for IP eth_mac, cache-ID = db928a4bea287712
INFO: [Coretcl 2-1174] Renamed 62 cell refs.
Netlist sorting complete. Time (s): cpu = 00:00:00 ; elapsed = 00:00:00.003 . Memory (MB): peak = 797.047 ; gain = 0.000
WARNING: [Constraints 18-5210] No constraints selected for write.
Resolution: This message can indicate that there are no constraints for the design, or it can indicate that the used_in flags are set such that the constraints are ignored. This later case is used when running synth_design to not write synthesis constraints to the resulting checkpoint. Instead, project constraints are read when the synthesized design is opened.
INFO: [Common 17-1381] The checkpoint 'C:/Users/liangzhao/cod19grp1-xtx/thinpad_top.runs/eth_mac_synth_1/eth_mac.dcp' has been generated.
INFO: [runtcl-4] Executing : report_utilization -file eth_mac_utilization_synth.rpt -pb eth_mac_utilization_synth.pb
INFO: [Common 17-206] Exiting Vivado at Sat Oct 12 18:17:09 2019...
